2020-12-11 16:30:02.1543 AllServer 0001 System.NullReferenceException: Object reference not set to an instance of an object.
   at ETHotfix.DBProxyComponentEx.Query[T](DBProxyComponent self, String json) in E:\ETRpgLesson\MMOServer0.1\Server\Hotfix\Module\DB\DBProxyComponentSystem.cs:line 97
   at ETHotfix.RegisterHandler.Run(Session session, Register_C2R request, Register_R2C response, Action reply) in E:\ETRpgLesson\MMOServer0.1\Server\Hotfix\MMOServer\Realm\RegisterHandler.cs:line 19 
 Handle at offset 492 in file:line:column E:\ETRpgLesson\MMOServer0.1\Server\Hotfix\Module\Message\MessageDispatherComponentSystem.cs:92:6
Handle at offset 367 in file:line:column <filename unknown>:0:0
Start<TStateMachine> at offset 68 in file:line:column E:\ETRpgLesson\MMOServer0.1\Server\ET.Core\Base\Async\AsyncETVoidMethodBuilder.cs:74:13
MoveNext at offset 1382 in file:line:column E:\ETRpgLesson\MMOServer0.1\Server\ET.Core\Module\Message\AMRpcHandler.cs:45:6
Run at offset 290 in file:line:column <filename unknown>:0:0
Start<TStateMachine> at offset 68 in file:line:column E:\ETRpgLesson\MMOServer0.1\Server\ET.Core\Base\Async\AsyncETTaskMethodBuilder.cs:126:13
MoveNext at offset 655 in file:line:column E:\ETRpgLesson\MMOServer0.1\Server\Hotfix\MMOServer\Realm\RegisterHandler.cs:19:17
ReplyError at offset 69 in file:line:column E:\ETRpgLesson\MMOServer0.1\Server\ET.Core\Module\Message\AMRpcHandler.cs:9:4
Error at offset 112 in file:line:column E:\ETRpgLesson\MMOServer0.1\Server\ET.Core\Base\Log.cs:32:4
Error at offset 58 in file:line:column E:\ETRpgLesson\MMOServer0.1\Server\ET.Core\Base\Logger\NLogAdapter.cs:32:4

2020-12-11 16:35:58.5110 AllServer 0001 System.NullReferenceException: Object reference not set to an instance of an object.
   at ETHotfix.DBProxyComponentEx.Query[T](DBProxyComponent self, String json) in E:\ETRpgLesson\MMOServer0.1\Server\Hotfix\Module\DB\DBProxyComponentSystem.cs:line 97
   at ETHotfix.RegisterHandler.Run(Session session, Register_C2R request, Register_R2C response, Action reply) in E:\ETRpgLesson\MMOServer0.1\Server\Hotfix\MMOServer\Realm\RegisterHandler.cs:line 19 
 Handle at offset 492 in file:line:column E:\ETRpgLesson\MMOServer0.1\Server\Hotfix\Module\Message\MessageDispatherComponentSystem.cs:92:6
Handle at offset 367 in file:line:column <filename unknown>:0:0
Start<TStateMachine> at offset 68 in file:line:column E:\ETRpgLesson\MMOServer0.1\Server\ET.Core\Base\Async\AsyncETVoidMethodBuilder.cs:74:13
MoveNext at offset 1382 in file:line:column E:\ETRpgLesson\MMOServer0.1\Server\ET.Core\Module\Message\AMRpcHandler.cs:45:6
Run at offset 290 in file:line:column <filename unknown>:0:0
Start<TStateMachine> at offset 68 in file:line:column E:\ETRpgLesson\MMOServer0.1\Server\ET.Core\Base\Async\AsyncETTaskMethodBuilder.cs:126:13
MoveNext at offset 655 in file:line:column E:\ETRpgLesson\MMOServer0.1\Server\Hotfix\MMOServer\Realm\RegisterHandler.cs:19:17
ReplyError at offset 69 in file:line:column E:\ETRpgLesson\MMOServer0.1\Server\ET.Core\Module\Message\AMRpcHandler.cs:9:4
Error at offset 112 in file:line:column E:\ETRpgLesson\MMOServer0.1\Server\ET.Core\Base\Log.cs:32:4
Error at offset 58 in file:line:column E:\ETRpgLesson\MMOServer0.1\Server\ET.Core\Base\Logger\NLogAdapter.cs:32:4

2020-12-11 16:40:23.4723 AllServer 0001 System.NullReferenceException: Object reference not set to an instance of an object.
   at ETHotfix.DBProxyComponentEx.Query[T](DBProxyComponent self, String json) in E:\ETRpgLesson\MMOServer0.1\Server\Hotfix\Module\DB\DBProxyComponentSystem.cs:line 97
   at ETHotfix.RegisterHandler.Run(Session session, Register_C2R request, Register_R2C response, Action reply) in E:\ETRpgLesson\MMOServer0.1\Server\Hotfix\MMOServer\Realm\RegisterHandler.cs:line 19 
 Handle at offset 492 in file:line:column E:\ETRpgLesson\MMOServer0.1\Server\Hotfix\Module\Message\MessageDispatherComponentSystem.cs:92:6
Handle at offset 367 in file:line:column <filename unknown>:0:0
Start<TStateMachine> at offset 68 in file:line:column E:\ETRpgLesson\MMOServer0.1\Server\ET.Core\Base\Async\AsyncETVoidMethodBuilder.cs:74:13
MoveNext at offset 1382 in file:line:column E:\ETRpgLesson\MMOServer0.1\Server\ET.Core\Module\Message\AMRpcHandler.cs:45:6
Run at offset 290 in file:line:column <filename unknown>:0:0
Start<TStateMachine> at offset 68 in file:line:column E:\ETRpgLesson\MMOServer0.1\Server\ET.Core\Base\Async\AsyncETTaskMethodBuilder.cs:126:13
MoveNext at offset 655 in file:line:column E:\ETRpgLesson\MMOServer0.1\Server\Hotfix\MMOServer\Realm\RegisterHandler.cs:19:17
ReplyError at offset 69 in file:line:column E:\ETRpgLesson\MMOServer0.1\Server\ET.Core\Module\Message\AMRpcHandler.cs:9:4
Error at offset 112 in file:line:column E:\ETRpgLesson\MMOServer0.1\Server\ET.Core\Base\Log.cs:32:4
Error at offset 58 in file:line:column E:\ETRpgLesson\MMOServer0.1\Server\ET.Core\Base\Logger\NLogAdapter.cs:32:4

2020-12-11 17:23:03.9295 AllServer 0001 System.NullReferenceException: Object reference not set to an instance of an object.
   at ETHotfix.DBProxyComponentEx.Query[T](DBProxyComponent self, String json) in E:\ETRpgLesson\MMOServer0.1\Server\Hotfix\Module\DB\DBProxyComponentSystem.cs:line 97
   at ETHotfix.RegisterHandler.Run(Session session, Register_C2R request, Register_R2C response, Action reply) in E:\ETRpgLesson\MMOServer0.1\Server\Hotfix\MMOServer\Realm\RegisterHandler.cs:line 19 
 Handle at offset 492 in file:line:column E:\ETRpgLesson\MMOServer0.1\Server\Hotfix\Module\Message\MessageDispatherComponentSystem.cs:92:6
Handle at offset 367 in file:line:column <filename unknown>:0:0
Start<TStateMachine> at offset 68 in file:line:column E:\ETRpgLesson\MMOServer0.1\Server\ET.Core\Base\Async\AsyncETVoidMethodBuilder.cs:74:13
MoveNext at offset 1382 in file:line:column E:\ETRpgLesson\MMOServer0.1\Server\ET.Core\Module\Message\AMRpcHandler.cs:45:6
Run at offset 290 in file:line:column <filename unknown>:0:0
Start<TStateMachine> at offset 68 in file:line:column E:\ETRpgLesson\MMOServer0.1\Server\ET.Core\Base\Async\AsyncETTaskMethodBuilder.cs:126:13
MoveNext at offset 655 in file:line:column E:\ETRpgLesson\MMOServer0.1\Server\Hotfix\MMOServer\Realm\RegisterHandler.cs:19:17
ReplyError at offset 69 in file:line:column E:\ETRpgLesson\MMOServer0.1\Server\ET.Core\Module\Message\AMRpcHandler.cs:9:4
Error at offset 112 in file:line:column E:\ETRpgLesson\MMOServer0.1\Server\ET.Core\Base\Log.cs:32:4
Error at offset 58 in file:line:column E:\ETRpgLesson\MMOServer0.1\Server\ET.Core\Base\Logger\NLogAdapter.cs:32:4

2020-12-11 18:23:47.4299 AllServer 0001 消息没有处理: 10006 { "_t" : "Login_C2R", "RpcId" : 2, "Account" : "rman2", "Password" : "111" } 
 OnRead at offset 70 in file:line:column E:\ETRpgLesson\MMOServer0.1\Server\ET.Core\Module\Message\Session.cs:120:5
Run at offset 485 in file:line:column E:\ETRpgLesson\MMOServer0.1\Server\ET.Core\Module\Message\Session.cs:154:4
RunMessage at offset 145 in file:line:column E:\ETRpgLesson\MMOServer0.1\Server\ET.Core\Module\Message\Session.cs:160:4
Dispatch at offset 85 in file:line:column E:\ETRpgLesson\MMOServer0.1\Server\Hotfix\Module\Message\OuterMessageDispatcher.cs:9:4
DispatchAsync at offset 259 in file:line:column <filename unknown>:0:0
Start<TStateMachine> at offset 68 in file:line:column E:\ETRpgLesson\MMOServer0.1\Server\ET.Core\Base\Async\AsyncETVoidMethodBuilder.cs:74:13
MoveNext at offset 3513 in file:line:column E:\ETRpgLesson\MMOServer0.1\Server\Hotfix\Module\Message\OuterMessageDispatcher.cs:81:6
Handle at offset 306 in file:line:column E:\ETRpgLesson\MMOServer0.1\Server\Hotfix\Module\Message\MessageDispatherComponentSystem.cs:84:5
Error at offset 70 in file:line:column E:\ETRpgLesson\MMOServer0.1\Server\ET.Core\Base\Log.cs:37:4
Error at offset 58 in file:line:column E:\ETRpgLesson\MMOServer0.1\Server\ET.Core\Base\Logger\NLogAdapter.cs:32:4

2020-12-11 20:05:02.3624 AllServer 0001 消息没有处理: 10008 { "_t" : "Logout_C2R", "RpcId" : 0, "UserID" : NumberLong("101607682163") } 
 OnRead at offset 76 in file:line:column E:\ETRpgLesson\MMOServer0.1\Server\ET.Core\Module\Message\Session.cs:120:5
Run at offset 497 in file:line:column E:\ETRpgLesson\MMOServer0.1\Server\ET.Core\Module\Message\Session.cs:154:4
RunMessage at offset 157 in file:line:column E:\ETRpgLesson\MMOServer0.1\Server\ET.Core\Module\Message\Session.cs:160:4
Dispatch at offset 91 in file:line:column E:\ETRpgLesson\MMOServer0.1\Server\Hotfix\Module\Message\OuterMessageDispatcher.cs:9:4
DispatchAsync at offset 265 in file:line:column <filename unknown>:0:0
Start<TStateMachine> at offset 80 in file:line:column E:\ETRpgLesson\MMOServer0.1\Server\ET.Core\Base\Async\AsyncETVoidMethodBuilder.cs:74:13
MoveNext at offset 3555 in file:line:column E:\ETRpgLesson\MMOServer0.1\Server\Hotfix\Module\Message\OuterMessageDispatcher.cs:81:6
Handle at offset 312 in file:line:column E:\ETRpgLesson\MMOServer0.1\Server\Hotfix\Module\Message\MessageDispatherComponentSystem.cs:84:5
Error at offset 82 in file:line:column E:\ETRpgLesson\MMOServer0.1\Server\ET.Core\Base\Log.cs:37:4
Error at offset 64 in file:line:column E:\ETRpgLesson\MMOServer0.1\Server\ET.Core\Base\Logger\NLogAdapter.cs:32:4

