2020-12-12 13:56:47.3123 AllServer 0001 System.Exception: 查询数据库异常! GInfo {Type:Equip} ---> System.FormatException: JSON reader was expecting a value but found 'Equip'.
   at MongoDB.Bson.IO.JsonReader.ReadBsonType() in E:\ETRpgLesson\MMOServer0.1\Server\ThirdParty\MongoDBDriver\MongoDB.Bson\IO\JsonReader.cs:line 377
   at MongoDB.Bson.Serialization.Serializers.BsonDocumentSerializer.DeserializeValue(BsonDeserializationContext context, BsonDeserializationArgs args) in E:\ETRpgLesson\MMOServer0.1\Server\ThirdParty\MongoDBDriver\MongoDB.Bson\Serialization\Serializers\BsonDocumentSerializer.cs:line 63
   at MongoDB.Bson.Serialization.Serializers.BsonValueSerializerBase`1.Deserialize(BsonDeserializationContext context, BsonDeserializationArgs args) in E:\ETRpgLesson\MMOServer0.1\Server\ThirdParty\MongoDBDriver\MongoDB.Bson\Serialization\Serializers\BsonValueSerializerBase.cs:line 51
   at MongoDB.Bson.Serialization.IBsonSerializerExtensions.Deserialize[TValue](IBsonSerializer`1 serializer, BsonDeserializationContext context) in E:\ETRpgLesson\MMOServer0.1\Server\ThirdParty\MongoDBDriver\MongoDB.Bson\Serialization\IBsonSerializerExtensions.cs:line 49
   at MongoDB.Bson.BsonDocument.Parse(String json) in E:\ETRpgLesson\MMOServer0.1\Server\ThirdParty\MongoDBDriver\MongoDB.Bson\ObjectModel\BsonDocument.cs:line 380
   at MongoDB.Driver.JsonFilterDefinition`1.Render(IBsonSerializer`1 documentSerializer, IBsonSerializerRegistry serializerRegistry) in E:\ETRpgLesson\MMOServer0.1\Server\ThirdParty\MongoDBDriver\MongoDB.Driver\FilterDefinition.cs:line 243
   at MongoDB.Driver.MongoCollectionImpl`1.CreateFindOperation[TProjection](FilterDefinition`1 filter, FindOptions`2 options) in E:\ETRpgLesson\MMOServer0.1\Server\ThirdParty\MongoDBDriver\MongoDB.Driver\MongoCollectionImpl.cs:line 897
   at MongoDB.Driver.MongoCollectionImpl`1.FindAsync[TProjection](IClientSessionHandle session, FilterDefinition`1 filter, FindOptions`2 options, CancellationToken cancellationToken) in E:\ETRpgLesson\MMOServer0.1\Server\ThirdParty\MongoDBDriver\MongoDB.Driver\MongoCollectionImpl.cs:line 356
   at MongoDB.Driver.MongoCollectionImpl`1.<>c__DisplayClass43_0`1.<FindAsync>b__0(IClientSessionHandle session) in E:\ETRpgLesson\MMOServer0.1\Server\ThirdParty\MongoDBDriver\MongoDB.Driver\MongoCollectionImpl.cs:line 347
   at MongoDB.Driver.MongoCollectionImpl`1.UsingImplicitSessionAsync[TResult](Func`2 funcAsync, CancellationToken cancellationToken) in E:\ETRpgLesson\MMOServer0.1\Server\ThirdParty\MongoDBDriver\MongoDB.Driver\MongoCollectionImpl.cs:line 1135
   at ETModel.DBQueryJsonTask.Run() in E:\ETRpgLesson\MMOServer0.1\Server\ET.Core\Module\DB\DBQueryJsonTask.cs:line 34
   --- End of inner exception stack trace ---
   at ETHotfix.DBQueryJsonRequestHandler.Run(Session session, DBQueryJsonRequest request, DBQueryJsonResponse response, Action reply) in E:\ETRpgLesson\MMOServer0.1\Server\Hotfix\Module\DB\DBQueryJsonRequestHandler.cs:line 15 
 Handle at offset 492 in file:line:column E:\ETRpgLesson\MMOServer0.1\Server\Hotfix\Module\Message\MessageDispatherComponentSystem.cs:92:6
Handle at offset 367 in file:line:column <filename unknown>:0:0
Start<TStateMachine> at offset 68 in file:line:column E:\ETRpgLesson\MMOServer0.1\Server\ET.Core\Base\Async\AsyncETVoidMethodBuilder.cs:74:13
MoveNext at offset 1382 in file:line:column E:\ETRpgLesson\MMOServer0.1\Server\ET.Core\Module\Message\AMRpcHandler.cs:45:6
Run at offset 290 in file:line:column <filename unknown>:0:0
Start<TStateMachine> at offset 68 in file:line:column E:\ETRpgLesson\MMOServer0.1\Server\ET.Core\Base\Async\AsyncETTaskMethodBuilder.cs:126:13
MoveNext at offset 548 in file:line:column E:\ETRpgLesson\MMOServer0.1\Server\Hotfix\Module\DB\DBQueryJsonRequestHandler.cs:15:5
ReplyError at offset 69 in file:line:column E:\ETRpgLesson\MMOServer0.1\Server\ET.Core\Module\Message\AMRpcHandler.cs:9:4
Error at offset 112 in file:line:column E:\ETRpgLesson\MMOServer0.1\Server\ET.Core\Base\Log.cs:32:4
Error at offset 58 in file:line:column E:\ETRpgLesson\MMOServer0.1\Server\ET.Core\Base\Logger\NLogAdapter.cs:32:4

2020-12-12 13:56:47.4653 AllServer 0001 System.Exception: Rpc Error: ETModel.DBQueryJsonRequest 102001
   at ETModel.ETTaskCompletionSource`1.ETModel.IAwaiter<T>.GetResult() in E:\ETRpgLesson\MMOServer0.1\Server\ET.Core\Base\Async\ETTaskCompletionSource.cs:line 171
   at ETModel.ETTask`1.get_Result() in E:\ETRpgLesson\MMOServer0.1\Server\ET.Core\Base\Async\ETTask.cs:line 168
   at ETModel.ETTask`1.Awaiter.GetResult() in E:\ETRpgLesson\MMOServer0.1\Server\ET.Core\Base\Async\ETTask.cs:line 254
   at ETHotfix.DBProxyComponentEx.Query[T](DBProxyComponent self, String json) in E:\ETRpgLesson\MMOServer0.1\Server\Hotfix\Module\DB\DBProxyComponentSystem.cs:line 99
   at ETHotfix.LoginHandler.Run(Session session, Login_C2R request, Login_R2C response, Action reply) in E:\ETRpgLesson\MMOServer0.1\Server\Hotfix\MMOServer\Realm\LoginHandler.cs:line 31 
 TrySetException at offset 127 in file:line:column <filename unknown>:0:0
FinishSlow at offset 24 in file:line:column <filename unknown>:0:0
RunContinuations at offset 440 in file:line:column <filename unknown>:0:0
RunCallback at offset 71 in file:line:column <filename unknown>:0:0
<OutputWaitEtwEvents>b__12_0 at offset 323 in file:line:column <filename unknown>:0:0
Run at offset 61 in file:line:column E:\ETRpgLesson\MMOServer0.1\Server\ET.Core\Base\Async\MoveNextRunner.cs:12:13
MoveNext at offset 1383 in file:line:column E:\ETRpgLesson\MMOServer0.1\Server\Hotfix\MMOServer\Realm\LoginHandler.cs:31:5
ReplyError at offset 69 in file:line:column E:\ETRpgLesson\MMOServer0.1\Server\ET.Core\Module\Message\AMRpcHandler.cs:9:4
Error at offset 112 in file:line:column E:\ETRpgLesson\MMOServer0.1\Server\ET.Core\Base\Log.cs:32:4
Error at offset 58 in file:line:column E:\ETRpgLesson\MMOServer0.1\Server\ET.Core\Base\Logger\NLogAdapter.cs:32:4

2020-12-12 14:30:00.7838 AllServer 0001 System.Exception: 查询数据库异常! GInfo {Type:Equip} ---> System.FormatException: JSON reader was expecting a value but found 'Equip'.
   at MongoDB.Bson.IO.JsonReader.ReadBsonType() in E:\ETRpgLesson\MMOServer0.1\Server\ThirdParty\MongoDBDriver\MongoDB.Bson\IO\JsonReader.cs:line 377
   at MongoDB.Bson.Serialization.Serializers.BsonDocumentSerializer.DeserializeValue(BsonDeserializationContext context, BsonDeserializationArgs args) in E:\ETRpgLesson\MMOServer0.1\Server\ThirdParty\MongoDBDriver\MongoDB.Bson\Serialization\Serializers\BsonDocumentSerializer.cs:line 63
   at MongoDB.Bson.Serialization.Serializers.BsonValueSerializerBase`1.Deserialize(BsonDeserializationContext context, BsonDeserializationArgs args) in E:\ETRpgLesson\MMOServer0.1\Server\ThirdParty\MongoDBDriver\MongoDB.Bson\Serialization\Serializers\BsonValueSerializerBase.cs:line 51
   at MongoDB.Bson.Serialization.IBsonSerializerExtensions.Deserialize[TValue](IBsonSerializer`1 serializer, BsonDeserializationContext context) in E:\ETRpgLesson\MMOServer0.1\Server\ThirdParty\MongoDBDriver\MongoDB.Bson\Serialization\IBsonSerializerExtensions.cs:line 49
   at MongoDB.Bson.BsonDocument.Parse(String json) in E:\ETRpgLesson\MMOServer0.1\Server\ThirdParty\MongoDBDriver\MongoDB.Bson\ObjectModel\BsonDocument.cs:line 380
   at MongoDB.Driver.JsonFilterDefinition`1.Render(IBsonSerializer`1 documentSerializer, IBsonSerializerRegistry serializerRegistry) in E:\ETRpgLesson\MMOServer0.1\Server\ThirdParty\MongoDBDriver\MongoDB.Driver\FilterDefinition.cs:line 243
   at MongoDB.Driver.MongoCollectionImpl`1.CreateFindOperation[TProjection](FilterDefinition`1 filter, FindOptions`2 options) in E:\ETRpgLesson\MMOServer0.1\Server\ThirdParty\MongoDBDriver\MongoDB.Driver\MongoCollectionImpl.cs:line 897
   at MongoDB.Driver.MongoCollectionImpl`1.FindAsync[TProjection](IClientSessionHandle session, FilterDefinition`1 filter, FindOptions`2 options, CancellationToken cancellationToken) in E:\ETRpgLesson\MMOServer0.1\Server\ThirdParty\MongoDBDriver\MongoDB.Driver\MongoCollectionImpl.cs:line 356
   at MongoDB.Driver.MongoCollectionImpl`1.<>c__DisplayClass43_0`1.<FindAsync>b__0(IClientSessionHandle session) in E:\ETRpgLesson\MMOServer0.1\Server\ThirdParty\MongoDBDriver\MongoDB.Driver\MongoCollectionImpl.cs:line 347
   at MongoDB.Driver.MongoCollectionImpl`1.UsingImplicitSessionAsync[TResult](Func`2 funcAsync, CancellationToken cancellationToken) in E:\ETRpgLesson\MMOServer0.1\Server\ThirdParty\MongoDBDriver\MongoDB.Driver\MongoCollectionImpl.cs:line 1135
   at ETModel.DBQueryJsonTask.Run() in E:\ETRpgLesson\MMOServer0.1\Server\ET.Core\Module\DB\DBQueryJsonTask.cs:line 34
   --- End of inner exception stack trace ---
   at ETHotfix.DBQueryJsonRequestHandler.Run(Session session, DBQueryJsonRequest request, DBQueryJsonResponse response, Action reply) in E:\ETRpgLesson\MMOServer0.1\Server\Hotfix\Module\DB\DBQueryJsonRequestHandler.cs:line 15 
 Handle at offset 492 in file:line:column E:\ETRpgLesson\MMOServer0.1\Server\Hotfix\Module\Message\MessageDispatherComponentSystem.cs:92:6
Handle at offset 367 in file:line:column <filename unknown>:0:0
Start<TStateMachine> at offset 68 in file:line:column E:\ETRpgLesson\MMOServer0.1\Server\ET.Core\Base\Async\AsyncETVoidMethodBuilder.cs:74:13
MoveNext at offset 1382 in file:line:column E:\ETRpgLesson\MMOServer0.1\Server\ET.Core\Module\Message\AMRpcHandler.cs:45:6
Run at offset 290 in file:line:column <filename unknown>:0:0
Start<TStateMachine> at offset 68 in file:line:column E:\ETRpgLesson\MMOServer0.1\Server\ET.Core\Base\Async\AsyncETTaskMethodBuilder.cs:126:13
MoveNext at offset 548 in file:line:column E:\ETRpgLesson\MMOServer0.1\Server\Hotfix\Module\DB\DBQueryJsonRequestHandler.cs:15:5
ReplyError at offset 69 in file:line:column E:\ETRpgLesson\MMOServer0.1\Server\ET.Core\Module\Message\AMRpcHandler.cs:9:4
Error at offset 112 in file:line:column E:\ETRpgLesson\MMOServer0.1\Server\ET.Core\Base\Log.cs:32:4
Error at offset 58 in file:line:column E:\ETRpgLesson\MMOServer0.1\Server\ET.Core\Base\Logger\NLogAdapter.cs:32:4

2020-12-12 14:30:00.8716 AllServer 0001 System.Exception: Rpc Error: ETModel.DBQueryJsonRequest 102001
   at ETModel.ETTaskCompletionSource`1.ETModel.IAwaiter<T>.GetResult() in E:\ETRpgLesson\MMOServer0.1\Server\ET.Core\Base\Async\ETTaskCompletionSource.cs:line 171
   at ETModel.ETTask`1.get_Result() in E:\ETRpgLesson\MMOServer0.1\Server\ET.Core\Base\Async\ETTask.cs:line 168
   at ETModel.ETTask`1.Awaiter.GetResult() in E:\ETRpgLesson\MMOServer0.1\Server\ET.Core\Base\Async\ETTask.cs:line 254
   at ETHotfix.DBProxyComponentEx.Query[T](DBProxyComponent self, String json) in E:\ETRpgLesson\MMOServer0.1\Server\Hotfix\Module\DB\DBProxyComponentSystem.cs:line 99
   at ETHotfix.LoginHandler.Run(Session session, Login_C2R request, Login_R2C response, Action reply) in E:\ETRpgLesson\MMOServer0.1\Server\Hotfix\MMOServer\Realm\LoginHandler.cs:line 31 
 TrySetException at offset 127 in file:line:column <filename unknown>:0:0
FinishSlow at offset 24 in file:line:column <filename unknown>:0:0
RunContinuations at offset 440 in file:line:column <filename unknown>:0:0
RunCallback at offset 71 in file:line:column <filename unknown>:0:0
<OutputWaitEtwEvents>b__12_0 at offset 323 in file:line:column <filename unknown>:0:0
Run at offset 61 in file:line:column E:\ETRpgLesson\MMOServer0.1\Server\ET.Core\Base\Async\MoveNextRunner.cs:12:13
MoveNext at offset 1383 in file:line:column E:\ETRpgLesson\MMOServer0.1\Server\Hotfix\MMOServer\Realm\LoginHandler.cs:31:5
ReplyError at offset 69 in file:line:column E:\ETRpgLesson\MMOServer0.1\Server\ET.Core\Module\Message\AMRpcHandler.cs:9:4
Error at offset 112 in file:line:column E:\ETRpgLesson\MMOServer0.1\Server\ET.Core\Base\Log.cs:32:4
Error at offset 58 in file:line:column E:\ETRpgLesson\MMOServer0.1\Server\ET.Core\Base\Logger\NLogAdapter.cs:32:4

2020-12-12 14:38:45.6235 AllServer 0001 System.Exception: 查询数据库异常! GlobalInfo {Type:Equip} ---> System.FormatException: JSON reader was expecting a value but found 'Equip'.
   at MongoDB.Bson.IO.JsonReader.ReadBsonType() in E:\ETRpgLesson\MMOServer0.1\Server\ThirdParty\MongoDBDriver\MongoDB.Bson\IO\JsonReader.cs:line 377
   at MongoDB.Bson.Serialization.Serializers.BsonDocumentSerializer.DeserializeValue(BsonDeserializationContext context, BsonDeserializationArgs args) in E:\ETRpgLesson\MMOServer0.1\Server\ThirdParty\MongoDBDriver\MongoDB.Bson\Serialization\Serializers\BsonDocumentSerializer.cs:line 63
   at MongoDB.Bson.Serialization.Serializers.BsonValueSerializerBase`1.Deserialize(BsonDeserializationContext context, BsonDeserializationArgs args) in E:\ETRpgLesson\MMOServer0.1\Server\ThirdParty\MongoDBDriver\MongoDB.Bson\Serialization\Serializers\BsonValueSerializerBase.cs:line 51
   at MongoDB.Bson.Serialization.IBsonSerializerExtensions.Deserialize[TValue](IBsonSerializer`1 serializer, BsonDeserializationContext context) in E:\ETRpgLesson\MMOServer0.1\Server\ThirdParty\MongoDBDriver\MongoDB.Bson\Serialization\IBsonSerializerExtensions.cs:line 49
   at MongoDB.Bson.BsonDocument.Parse(String json) in E:\ETRpgLesson\MMOServer0.1\Server\ThirdParty\MongoDBDriver\MongoDB.Bson\ObjectModel\BsonDocument.cs:line 380
   at MongoDB.Driver.JsonFilterDefinition`1.Render(IBsonSerializer`1 documentSerializer, IBsonSerializerRegistry serializerRegistry) in E:\ETRpgLesson\MMOServer0.1\Server\ThirdParty\MongoDBDriver\MongoDB.Driver\FilterDefinition.cs:line 243
   at MongoDB.Driver.MongoCollectionImpl`1.CreateFindOperation[TProjection](FilterDefinition`1 filter, FindOptions`2 options) in E:\ETRpgLesson\MMOServer0.1\Server\ThirdParty\MongoDBDriver\MongoDB.Driver\MongoCollectionImpl.cs:line 897
   at MongoDB.Driver.MongoCollectionImpl`1.FindAsync[TProjection](IClientSessionHandle session, FilterDefinition`1 filter, FindOptions`2 options, CancellationToken cancellationToken) in E:\ETRpgLesson\MMOServer0.1\Server\ThirdParty\MongoDBDriver\MongoDB.Driver\MongoCollectionImpl.cs:line 356
   at MongoDB.Driver.MongoCollectionImpl`1.<>c__DisplayClass43_0`1.<FindAsync>b__0(IClientSessionHandle session) in E:\ETRpgLesson\MMOServer0.1\Server\ThirdParty\MongoDBDriver\MongoDB.Driver\MongoCollectionImpl.cs:line 347
   at MongoDB.Driver.MongoCollectionImpl`1.UsingImplicitSessionAsync[TResult](Func`2 funcAsync, CancellationToken cancellationToken) in E:\ETRpgLesson\MMOServer0.1\Server\ThirdParty\MongoDBDriver\MongoDB.Driver\MongoCollectionImpl.cs:line 1135
   at ETModel.DBQueryJsonTask.Run() in E:\ETRpgLesson\MMOServer0.1\Server\ET.Core\Module\DB\DBQueryJsonTask.cs:line 34
   --- End of inner exception stack trace ---
   at ETHotfix.DBQueryJsonRequestHandler.Run(Session session, DBQueryJsonRequest request, DBQueryJsonResponse response, Action reply) in E:\ETRpgLesson\MMOServer0.1\Server\Hotfix\Module\DB\DBQueryJsonRequestHandler.cs:line 15 
 Handle at offset 492 in file:line:column E:\ETRpgLesson\MMOServer0.1\Server\Hotfix\Module\Message\MessageDispatherComponentSystem.cs:92:6
Handle at offset 367 in file:line:column <filename unknown>:0:0
Start<TStateMachine> at offset 68 in file:line:column E:\ETRpgLesson\MMOServer0.1\Server\ET.Core\Base\Async\AsyncETVoidMethodBuilder.cs:74:13
MoveNext at offset 1382 in file:line:column E:\ETRpgLesson\MMOServer0.1\Server\ET.Core\Module\Message\AMRpcHandler.cs:45:6
Run at offset 290 in file:line:column <filename unknown>:0:0
Start<TStateMachine> at offset 68 in file:line:column E:\ETRpgLesson\MMOServer0.1\Server\ET.Core\Base\Async\AsyncETTaskMethodBuilder.cs:126:13
MoveNext at offset 548 in file:line:column E:\ETRpgLesson\MMOServer0.1\Server\Hotfix\Module\DB\DBQueryJsonRequestHandler.cs:15:5
ReplyError at offset 69 in file:line:column E:\ETRpgLesson\MMOServer0.1\Server\ET.Core\Module\Message\AMRpcHandler.cs:9:4
Error at offset 112 in file:line:column E:\ETRpgLesson\MMOServer0.1\Server\ET.Core\Base\Log.cs:32:4
Error at offset 58 in file:line:column E:\ETRpgLesson\MMOServer0.1\Server\ET.Core\Base\Logger\NLogAdapter.cs:32:4

2020-12-12 14:38:45.7098 AllServer 0001 System.Exception: Rpc Error: ETModel.DBQueryJsonRequest 102001
   at ETModel.ETTaskCompletionSource`1.ETModel.IAwaiter<T>.GetResult() in E:\ETRpgLesson\MMOServer0.1\Server\ET.Core\Base\Async\ETTaskCompletionSource.cs:line 171
   at ETModel.ETTask`1.get_Result() in E:\ETRpgLesson\MMOServer0.1\Server\ET.Core\Base\Async\ETTask.cs:line 168
   at ETModel.ETTask`1.Awaiter.GetResult() in E:\ETRpgLesson\MMOServer0.1\Server\ET.Core\Base\Async\ETTask.cs:line 254
   at ETHotfix.DBProxyComponentEx.Query[T](DBProxyComponent self, String json) in E:\ETRpgLesson\MMOServer0.1\Server\Hotfix\Module\DB\DBProxyComponentSystem.cs:line 99
   at ETHotfix.LoginHandler.Run(Session session, Login_C2R request, Login_R2C response, Action reply) in E:\ETRpgLesson\MMOServer0.1\Server\Hotfix\MMOServer\Realm\LoginHandler.cs:line 31 
 TrySetException at offset 127 in file:line:column <filename unknown>:0:0
FinishSlow at offset 24 in file:line:column <filename unknown>:0:0
RunContinuations at offset 440 in file:line:column <filename unknown>:0:0
RunCallback at offset 71 in file:line:column <filename unknown>:0:0
<OutputWaitEtwEvents>b__12_0 at offset 323 in file:line:column <filename unknown>:0:0
Run at offset 61 in file:line:column E:\ETRpgLesson\MMOServer0.1\Server\ET.Core\Base\Async\MoveNextRunner.cs:12:13
MoveNext at offset 1383 in file:line:column E:\ETRpgLesson\MMOServer0.1\Server\Hotfix\MMOServer\Realm\LoginHandler.cs:31:5
ReplyError at offset 69 in file:line:column E:\ETRpgLesson\MMOServer0.1\Server\ET.Core\Module\Message\AMRpcHandler.cs:9:4
Error at offset 112 in file:line:column E:\ETRpgLesson\MMOServer0.1\Server\ET.Core\Base\Log.cs:32:4
Error at offset 58 in file:line:column E:\ETRpgLesson\MMOServer0.1\Server\ET.Core\Base\Logger\NLogAdapter.cs:32:4

2020-12-12 14:45:32.7536 AllServer 0001 System.Exception: 查询数据库异常! GlobalInfo {Type:Equip} ---> System.FormatException: JSON reader was expecting a value but found 'Equip'.
   at MongoDB.Bson.IO.JsonReader.ReadBsonType() in E:\ETRpgLesson\MMOServer0.1\Server\ThirdParty\MongoDBDriver\MongoDB.Bson\IO\JsonReader.cs:line 377
   at MongoDB.Bson.Serialization.Serializers.BsonDocumentSerializer.DeserializeValue(BsonDeserializationContext context, BsonDeserializationArgs args) in E:\ETRpgLesson\MMOServer0.1\Server\ThirdParty\MongoDBDriver\MongoDB.Bson\Serialization\Serializers\BsonDocumentSerializer.cs:line 63
   at MongoDB.Bson.Serialization.Serializers.BsonValueSerializerBase`1.Deserialize(BsonDeserializationContext context, BsonDeserializationArgs args) in E:\ETRpgLesson\MMOServer0.1\Server\ThirdParty\MongoDBDriver\MongoDB.Bson\Serialization\Serializers\BsonValueSerializerBase.cs:line 51
   at MongoDB.Bson.Serialization.IBsonSerializerExtensions.Deserialize[TValue](IBsonSerializer`1 serializer, BsonDeserializationContext context) in E:\ETRpgLesson\MMOServer0.1\Server\ThirdParty\MongoDBDriver\MongoDB.Bson\Serialization\IBsonSerializerExtensions.cs:line 49
   at MongoDB.Bson.BsonDocument.Parse(String json) in E:\ETRpgLesson\MMOServer0.1\Server\ThirdParty\MongoDBDriver\MongoDB.Bson\ObjectModel\BsonDocument.cs:line 380
   at MongoDB.Driver.JsonFilterDefinition`1.Render(IBsonSerializer`1 documentSerializer, IBsonSerializerRegistry serializerRegistry) in E:\ETRpgLesson\MMOServer0.1\Server\ThirdParty\MongoDBDriver\MongoDB.Driver\FilterDefinition.cs:line 243
   at MongoDB.Driver.MongoCollectionImpl`1.CreateFindOperation[TProjection](FilterDefinition`1 filter, FindOptions`2 options) in E:\ETRpgLesson\MMOServer0.1\Server\ThirdParty\MongoDBDriver\MongoDB.Driver\MongoCollectionImpl.cs:line 897
   at MongoDB.Driver.MongoCollectionImpl`1.FindAsync[TProjection](IClientSessionHandle session, FilterDefinition`1 filter, FindOptions`2 options, CancellationToken cancellationToken) in E:\ETRpgLesson\MMOServer0.1\Server\ThirdParty\MongoDBDriver\MongoDB.Driver\MongoCollectionImpl.cs:line 356
   at MongoDB.Driver.MongoCollectionImpl`1.<>c__DisplayClass43_0`1.<FindAsync>b__0(IClientSessionHandle session) in E:\ETRpgLesson\MMOServer0.1\Server\ThirdParty\MongoDBDriver\MongoDB.Driver\MongoCollectionImpl.cs:line 347
   at MongoDB.Driver.MongoCollectionImpl`1.UsingImplicitSessionAsync[TResult](Func`2 funcAsync, CancellationToken cancellationToken) in E:\ETRpgLesson\MMOServer0.1\Server\ThirdParty\MongoDBDriver\MongoDB.Driver\MongoCollectionImpl.cs:line 1135
   at ETModel.DBQueryJsonTask.Run() in E:\ETRpgLesson\MMOServer0.1\Server\ET.Core\Module\DB\DBQueryJsonTask.cs:line 34
   --- End of inner exception stack trace ---
   at ETHotfix.DBQueryJsonRequestHandler.Run(Session session, DBQueryJsonRequest request, DBQueryJsonResponse response, Action reply) in E:\ETRpgLesson\MMOServer0.1\Server\Hotfix\Module\DB\DBQueryJsonRequestHandler.cs:line 15 
 Handle at offset 492 in file:line:column E:\ETRpgLesson\MMOServer0.1\Server\Hotfix\Module\Message\MessageDispatherComponentSystem.cs:92:6
Handle at offset 367 in file:line:column <filename unknown>:0:0
Start<TStateMachine> at offset 68 in file:line:column E:\ETRpgLesson\MMOServer0.1\Server\ET.Core\Base\Async\AsyncETVoidMethodBuilder.cs:74:13
MoveNext at offset 1382 in file:line:column E:\ETRpgLesson\MMOServer0.1\Server\ET.Core\Module\Message\AMRpcHandler.cs:45:6
Run at offset 290 in file:line:column <filename unknown>:0:0
Start<TStateMachine> at offset 68 in file:line:column E:\ETRpgLesson\MMOServer0.1\Server\ET.Core\Base\Async\AsyncETTaskMethodBuilder.cs:126:13
MoveNext at offset 548 in file:line:column E:\ETRpgLesson\MMOServer0.1\Server\Hotfix\Module\DB\DBQueryJsonRequestHandler.cs:15:5
ReplyError at offset 69 in file:line:column E:\ETRpgLesson\MMOServer0.1\Server\ET.Core\Module\Message\AMRpcHandler.cs:9:4
Error at offset 112 in file:line:column E:\ETRpgLesson\MMOServer0.1\Server\ET.Core\Base\Log.cs:32:4
Error at offset 58 in file:line:column E:\ETRpgLesson\MMOServer0.1\Server\ET.Core\Base\Logger\NLogAdapter.cs:32:4

2020-12-12 14:45:32.8286 AllServer 0001 System.Exception: Rpc Error: ETModel.DBQueryJsonRequest 102001
   at ETModel.ETTaskCompletionSource`1.ETModel.IAwaiter<T>.GetResult() in E:\ETRpgLesson\MMOServer0.1\Server\ET.Core\Base\Async\ETTaskCompletionSource.cs:line 171
   at ETModel.ETTask`1.get_Result() in E:\ETRpgLesson\MMOServer0.1\Server\ET.Core\Base\Async\ETTask.cs:line 168
   at ETModel.ETTask`1.Awaiter.GetResult() in E:\ETRpgLesson\MMOServer0.1\Server\ET.Core\Base\Async\ETTask.cs:line 254
   at ETHotfix.DBProxyComponentEx.Query[T](DBProxyComponent self, String json) in E:\ETRpgLesson\MMOServer0.1\Server\Hotfix\Module\DB\DBProxyComponentSystem.cs:line 99
   at ETHotfix.LoginHandler.Run(Session session, Login_C2R request, Login_R2C response, Action reply) in E:\ETRpgLesson\MMOServer0.1\Server\Hotfix\MMOServer\Realm\LoginHandler.cs:line 31 
 TrySetException at offset 127 in file:line:column <filename unknown>:0:0
FinishSlow at offset 24 in file:line:column <filename unknown>:0:0
RunContinuations at offset 440 in file:line:column <filename unknown>:0:0
RunCallback at offset 71 in file:line:column <filename unknown>:0:0
<OutputWaitEtwEvents>b__12_0 at offset 323 in file:line:column <filename unknown>:0:0
Run at offset 61 in file:line:column E:\ETRpgLesson\MMOServer0.1\Server\ET.Core\Base\Async\MoveNextRunner.cs:12:13
MoveNext at offset 1383 in file:line:column E:\ETRpgLesson\MMOServer0.1\Server\Hotfix\MMOServer\Realm\LoginHandler.cs:31:5
ReplyError at offset 69 in file:line:column E:\ETRpgLesson\MMOServer0.1\Server\ET.Core\Module\Message\AMRpcHandler.cs:9:4
Error at offset 112 in file:line:column E:\ETRpgLesson\MMOServer0.1\Server\ET.Core\Base\Log.cs:32:4
Error at offset 58 in file:line:column E:\ETRpgLesson\MMOServer0.1\Server\ET.Core\Base\Logger\NLogAdapter.cs:32:4

2020-12-12 14:51:59.2277 AllServer 0001 System.Exception: 查询数据库异常! GlobalInfo {Type:'Equip'} ---> System.FormatException: An error occurred while deserializing the Id property of class ETModel.ComponentWithId: Cannot deserialize a 'Int64' from BsonType 'ObjectId'. ---> System.FormatException: Cannot deserialize a 'Int64' from BsonType 'ObjectId'.
   at MongoDB.Bson.Serialization.Serializers.Int64Serializer.Deserialize(BsonDeserializationContext context, BsonDeserializationArgs args) in E:\ETRpgLesson\MMOServer0.1\Server\ThirdParty\MongoDBDriver\MongoDB.Bson\Serialization\Serializers\Int64Serializer.cs:line 131
   at MongoDB.Bson.Serialization.Serializers.SerializerBase`1.MongoDB.Bson.Serialization.IBsonSerializer.Deserialize(BsonDeserializationContext context, BsonDeserializationArgs args) in E:\ETRpgLesson\MMOServer0.1\Server\ThirdParty\MongoDBDriver\MongoDB.Bson\Serialization\Serializers\SerializerBase.cs:line 119
   at MongoDB.Bson.Serialization.IBsonSerializerExtensions.Deserialize(IBsonSerializer serializer, BsonDeserializationContext context) in E:\ETRpgLesson\MMOServer0.1\Server\ThirdParty\MongoDBDriver\MongoDB.Bson\Serialization\IBsonSerializerExtensions.cs:line 36
   at MongoDB.Bson.Serialization.BsonClassMapSerializer`1.DeserializeMemberValue(BsonDeserializationContext context, BsonMemberMap memberMap) in E:\ETRpgLesson\MMOServer0.1\Server\ThirdParty\MongoDBDriver\MongoDB.Bson\Serialization\Serializers\BsonClassMapSerializer.cs:line 555
   --- End of inner exception stack trace ---
   at MongoDB.Bson.Serialization.BsonClassMapSerializer`1.DeserializeMemberValue(BsonDeserializationContext context, BsonMemberMap memberMap) in E:\ETRpgLesson\MMOServer0.1\Server\ThirdParty\MongoDBDriver\MongoDB.Bson\Serialization\Serializers\BsonClassMapSerializer.cs:line 562
   at MongoDB.Bson.Serialization.BsonClassMapSerializer`1.DeserializeClass(BsonDeserializationContext context) in E:\ETRpgLesson\MMOServer0.1\Server\ThirdParty\MongoDBDriver\MongoDB.Bson\Serialization\Serializers\BsonClassMapSerializer.cs:line 175
   at MongoDB.Bson.Serialization.BsonClassMapSerializer`1.Deserialize(BsonDeserializationContext context, BsonDeserializationArgs args) in E:\ETRpgLesson\MMOServer0.1\Server\ThirdParty\MongoDBDriver\MongoDB.Bson\Serialization\Serializers\BsonClassMapSerializer.cs:line 100
   at MongoDB.Bson.Serialization.Serializers.SerializerBase`1.MongoDB.Bson.Serialization.IBsonSerializer.Deserialize(BsonDeserializationContext context, BsonDeserializationArgs args) in E:\ETRpgLesson\MMOServer0.1\Server\ThirdParty\MongoDBDriver\MongoDB.Bson\Serialization\Serializers\SerializerBase.cs:line 119
   at MongoDB.Bson.Serialization.IBsonSerializerExtensions.Deserialize(IBsonSerializer serializer, BsonDeserializationContext context) in E:\ETRpgLesson\MMOServer0.1\Server\ThirdParty\MongoDBDriver\MongoDB.Bson\Serialization\IBsonSerializerExtensions.cs:line 36
   at MongoDB.Bson.Serialization.BsonClassMapSerializer`1.Deserialize(BsonDeserializationContext context, BsonDeserializationArgs args) in E:\ETRpgLesson\MMOServer0.1\Server\ThirdParty\MongoDBDriver\MongoDB.Bson\Serialization\Serializers\BsonClassMapSerializer.cs:line 105
   at MongoDB.Bson.Serialization.IBsonSerializerExtensions.Deserialize[TValue](IBsonSerializer`1 serializer, BsonDeserializationContext context) in E:\ETRpgLesson\MMOServer0.1\Server\ThirdParty\MongoDBDriver\MongoDB.Bson\Serialization\IBsonSerializerExtensions.cs:line 49
   at MongoDB.Driver.Core.Operations.CursorBatchDeserializationHelper.DeserializeBatch[TDocument](RawBsonArray batch, IBsonSerializer`1 documentSerializer, MessageEncoderSettings messageEncoderSettings) in E:\ETRpgLesson\MMOServer0.1\Server\ThirdParty\MongoDBDriver\MongoDB.Driver.Core\Core\Operations\CursorBatchDeserializationHelper.cs:line 59
   at MongoDB.Driver.Core.Operations.FindCommandOperation`1.CreateCursorBatch(BsonDocument commandResult) in E:\ETRpgLesson\MMOServer0.1\Server\ThirdParty\MongoDBDriver\MongoDB.Driver.Core\Core\Operations\FindCommandOperation.cs:line 483
   at MongoDB.Driver.Core.Operations.FindCommandOperation`1.CreateCursor(IChannelSourceHandle channelSource, BsonDocument commandResult) in E:\ETRpgLesson\MMOServer0.1\Server\ThirdParty\MongoDBDriver\MongoDB.Driver.Core\Core\Operations\FindCommandOperation.cs:line 460
   at MongoDB.Driver.Core.Operations.FindCommandOperation`1.ExecuteAsync(IReadBinding binding, CancellationToken cancellationToken) in E:\ETRpgLesson\MMOServer0.1\Server\ThirdParty\MongoDBDriver\MongoDB.Driver.Core\Core\Operations\FindCommandOperation.cs:line 525
   at MongoDB.Driver.Core.Operations.FindOperation`1.ExecuteAsync(IReadBinding binding, CancellationToken cancellationToken) in E:\ETRpgLesson\MMOServer0.1\Server\ThirdParty\MongoDBDriver\MongoDB.Driver.Core\Core\Operations\FindOperation.cs:line 442
   at MongoDB.Driver.OperationExecutor.ExecuteReadOperationAsync[TResult](IReadBinding binding, IReadOperation`1 operation, CancellationToken cancellationToken) in E:\ETRpgLesson\MMOServer0.1\Server\ThirdParty\MongoDBDriver\MongoDB.Driver\OperationExecutor.cs:line 39
   at MongoDB.Driver.MongoCollectionImpl`1.ExecuteReadOperationAsync[TResult](IClientSessionHandle session, IReadOperation`1 operation, ReadPreference readPreference, CancellationToken cancellationToken) in E:\ETRpgLesson\MMOServer0.1\Server\ThirdParty\MongoDBDriver\MongoDB.Driver\MongoCollectionImpl.cs:line 1055
   at MongoDB.Driver.MongoCollectionImpl`1.UsingImplicitSessionAsync[TResult](Func`2 funcAsync, CancellationToken cancellationToken) in E:\ETRpgLesson\MMOServer0.1\Server\ThirdParty\MongoDBDriver\MongoDB.Driver\MongoCollectionImpl.cs:line 1135
   at ETModel.DBQueryJsonTask.Run() in E:\ETRpgLesson\MMOServer0.1\Server\ET.Core\Module\DB\DBQueryJsonTask.cs:line 34
   --- End of inner exception stack trace ---
   at ETHotfix.DBQueryJsonRequestHandler.Run(Session session, DBQueryJsonRequest request, DBQueryJsonResponse response, Action reply) in E:\ETRpgLesson\MMOServer0.1\Server\Hotfix\Module\DB\DBQueryJsonRequestHandler.cs:line 15 
 TrySetException at offset 127 in file:line:column <filename unknown>:0:0
FinishSlow at offset 24 in file:line:column <filename unknown>:0:0
RunContinuations at offset 440 in file:line:column <filename unknown>:0:0
RunCallback at offset 71 in file:line:column <filename unknown>:0:0
<OutputWaitEtwEvents>b__12_0 at offset 323 in file:line:column <filename unknown>:0:0
Run at offset 61 in file:line:column E:\ETRpgLesson\MMOServer0.1\Server\ET.Core\Base\Async\MoveNextRunner.cs:12:13
MoveNext at offset 548 in file:line:column E:\ETRpgLesson\MMOServer0.1\Server\Hotfix\Module\DB\DBQueryJsonRequestHandler.cs:15:5
ReplyError at offset 69 in file:line:column E:\ETRpgLesson\MMOServer0.1\Server\ET.Core\Module\Message\AMRpcHandler.cs:9:4
Error at offset 112 in file:line:column E:\ETRpgLesson\MMOServer0.1\Server\ET.Core\Base\Log.cs:32:4
Error at offset 58 in file:line:column E:\ETRpgLesson\MMOServer0.1\Server\ET.Core\Base\Logger\NLogAdapter.cs:32:4

2020-12-12 14:51:59.3295 AllServer 0001 System.Exception: Rpc Error: ETModel.DBQueryJsonRequest 102001
   at ETModel.ETTaskCompletionSource`1.ETModel.IAwaiter<T>.GetResult() in E:\ETRpgLesson\MMOServer0.1\Server\ET.Core\Base\Async\ETTaskCompletionSource.cs:line 171
   at ETModel.ETTask`1.get_Result() in E:\ETRpgLesson\MMOServer0.1\Server\ET.Core\Base\Async\ETTask.cs:line 168
   at ETModel.ETTask`1.Awaiter.GetResult() in E:\ETRpgLesson\MMOServer0.1\Server\ET.Core\Base\Async\ETTask.cs:line 254
   at ETHotfix.DBProxyComponentEx.Query[T](DBProxyComponent self, String json) in E:\ETRpgLesson\MMOServer0.1\Server\Hotfix\Module\DB\DBProxyComponentSystem.cs:line 99
   at ETHotfix.LoginHandler.Run(Session session, Login_C2R request, Login_R2C response, Action reply) in E:\ETRpgLesson\MMOServer0.1\Server\Hotfix\MMOServer\Realm\LoginHandler.cs:line 31 
 TrySetException at offset 127 in file:line:column <filename unknown>:0:0
FinishSlow at offset 24 in file:line:column <filename unknown>:0:0
RunContinuations at offset 440 in file:line:column <filename unknown>:0:0
RunCallback at offset 71 in file:line:column <filename unknown>:0:0
<OutputWaitEtwEvents>b__12_0 at offset 323 in file:line:column <filename unknown>:0:0
Run at offset 61 in file:line:column E:\ETRpgLesson\MMOServer0.1\Server\ET.Core\Base\Async\MoveNextRunner.cs:12:13
MoveNext at offset 1383 in file:line:column E:\ETRpgLesson\MMOServer0.1\Server\Hotfix\MMOServer\Realm\LoginHandler.cs:31:5
ReplyError at offset 69 in file:line:column E:\ETRpgLesson\MMOServer0.1\Server\ET.Core\Module\Message\AMRpcHandler.cs:9:4
Error at offset 112 in file:line:column E:\ETRpgLesson\MMOServer0.1\Server\ET.Core\Base\Log.cs:32:4
Error at offset 58 in file:line:column E:\ETRpgLesson\MMOServer0.1\Server\ET.Core\Base\Logger\NLogAdapter.cs:32:4

2020-12-12 15:11:11.6222 AllServer 0001 System.Exception: 查询数据库异常! GlobalInfo {Type:'Equip'} ---> System.FormatException: An error occurred while deserializing the Item property of class ETModel.GlobalInfo: Value class ETModel.EquipInfo cannot be deserialized. ---> MongoDB.Bson.BsonSerializationException: Value class ETModel.EquipInfo cannot be deserialized.
   at MongoDB.Bson.Serialization.BsonClassMapSerializer`1.Deserialize(BsonDeserializationContext context, BsonDeserializationArgs args) in E:\ETRpgLesson\MMOServer0.1\Server\ThirdParty\MongoDBDriver\MongoDB.Bson\Serialization\Serializers\BsonClassMapSerializer.cs:line 88
   at MongoDB.Bson.Serialization.Serializers.SerializerBase`1.MongoDB.Bson.Serialization.IBsonSerializer.Deserialize(BsonDeserializationContext context, BsonDeserializationArgs args) in E:\ETRpgLesson\MMOServer0.1\Server\ThirdParty\MongoDBDriver\MongoDB.Bson\Serialization\Serializers\SerializerBase.cs:line 119
   at MongoDB.Bson.Serialization.IBsonSerializerExtensions.Deserialize(IBsonSerializer serializer, BsonDeserializationContext context) in E:\ETRpgLesson\MMOServer0.1\Server\ThirdParty\MongoDBDriver\MongoDB.Bson\Serialization\IBsonSerializerExtensions.cs:line 36
   at MongoDB.Bson.Serialization.BsonClassMapSerializer`1.DeserializeMemberValue(BsonDeserializationContext context, BsonMemberMap memberMap) in E:\ETRpgLesson\MMOServer0.1\Server\ThirdParty\MongoDBDriver\MongoDB.Bson\Serialization\Serializers\BsonClassMapSerializer.cs:line 555
   --- End of inner exception stack trace ---
   at MongoDB.Bson.Serialization.BsonClassMapSerializer`1.DeserializeMemberValue(BsonDeserializationContext context, BsonMemberMap memberMap) in E:\ETRpgLesson\MMOServer0.1\Server\ThirdParty\MongoDBDriver\MongoDB.Bson\Serialization\Serializers\BsonClassMapSerializer.cs:line 562
   at MongoDB.Bson.Serialization.BsonClassMapSerializer`1.DeserializeClass(BsonDeserializationContext context) in E:\ETRpgLesson\MMOServer0.1\Server\ThirdParty\MongoDBDriver\MongoDB.Bson\Serialization\Serializers\BsonClassMapSerializer.cs:line 175
   at MongoDB.Bson.Serialization.BsonClassMapSerializer`1.Deserialize(BsonDeserializationContext context, BsonDeserializationArgs args) in E:\ETRpgLesson\MMOServer0.1\Server\ThirdParty\MongoDBDriver\MongoDB.Bson\Serialization\Serializers\BsonClassMapSerializer.cs:line 100
   at MongoDB.Bson.Serialization.Serializers.SerializerBase`1.MongoDB.Bson.Serialization.IBsonSerializer.Deserialize(BsonDeserializationContext context, BsonDeserializationArgs args) in E:\ETRpgLesson\MMOServer0.1\Server\ThirdParty\MongoDBDriver\MongoDB.Bson\Serialization\Serializers\SerializerBase.cs:line 119
   at MongoDB.Bson.Serialization.IBsonSerializerExtensions.Deserialize(IBsonSerializer serializer, BsonDeserializationContext context) in E:\ETRpgLesson\MMOServer0.1\Server\ThirdParty\MongoDBDriver\MongoDB.Bson\Serialization\IBsonSerializerExtensions.cs:line 36
   at MongoDB.Bson.Serialization.BsonClassMapSerializer`1.Deserialize(BsonDeserializationContext context, BsonDeserializationArgs args) in E:\ETRpgLesson\MMOServer0.1\Server\ThirdParty\MongoDBDriver\MongoDB.Bson\Serialization\Serializers\BsonClassMapSerializer.cs:line 105
   at MongoDB.Bson.Serialization.IBsonSerializerExtensions.Deserialize[TValue](IBsonSerializer`1 serializer, BsonDeserializationContext context) in E:\ETRpgLesson\MMOServer0.1\Server\ThirdParty\MongoDBDriver\MongoDB.Bson\Serialization\IBsonSerializerExtensions.cs:line 49
   at MongoDB.Driver.Core.Operations.CursorBatchDeserializationHelper.DeserializeBatch[TDocument](RawBsonArray batch, IBsonSerializer`1 documentSerializer, MessageEncoderSettings messageEncoderSettings) in E:\ETRpgLesson\MMOServer0.1\Server\ThirdParty\MongoDBDriver\MongoDB.Driver.Core\Core\Operations\CursorBatchDeserializationHelper.cs:line 59
   at MongoDB.Driver.Core.Operations.FindCommandOperation`1.CreateCursorBatch(BsonDocument commandResult) in E:\ETRpgLesson\MMOServer0.1\Server\ThirdParty\MongoDBDriver\MongoDB.Driver.Core\Core\Operations\FindCommandOperation.cs:line 483
   at MongoDB.Driver.Core.Operations.FindCommandOperation`1.CreateCursor(IChannelSourceHandle channelSource, BsonDocument commandResult) in E:\ETRpgLesson\MMOServer0.1\Server\ThirdParty\MongoDBDriver\MongoDB.Driver.Core\Core\Operations\FindCommandOperation.cs:line 460
   at MongoDB.Driver.Core.Operations.FindCommandOperation`1.ExecuteAsync(IReadBinding binding, CancellationToken cancellationToken) in E:\ETRpgLesson\MMOServer0.1\Server\ThirdParty\MongoDBDriver\MongoDB.Driver.Core\Core\Operations\FindCommandOperation.cs:line 525
   at MongoDB.Driver.Core.Operations.FindOperation`1.ExecuteAsync(IReadBinding binding, CancellationToken cancellationToken) in E:\ETRpgLesson\MMOServer0.1\Server\ThirdParty\MongoDBDriver\MongoDB.Driver.Core\Core\Operations\FindOperation.cs:line 442
   at MongoDB.Driver.OperationExecutor.ExecuteReadOperationAsync[TResult](IReadBinding binding, IReadOperation`1 operation, CancellationToken cancellationToken) in E:\ETRpgLesson\MMOServer0.1\Server\ThirdParty\MongoDBDriver\MongoDB.Driver\OperationExecutor.cs:line 39
   at MongoDB.Driver.MongoCollectionImpl`1.ExecuteReadOperationAsync[TResult](IClientSessionHandle session, IReadOperation`1 operation, ReadPreference readPreference, CancellationToken cancellationToken) in E:\ETRpgLesson\MMOServer0.1\Server\ThirdParty\MongoDBDriver\MongoDB.Driver\MongoCollectionImpl.cs:line 1055
   at MongoDB.Driver.MongoCollectionImpl`1.UsingImplicitSessionAsync[TResult](Func`2 funcAsync, CancellationToken cancellationToken) in E:\ETRpgLesson\MMOServer0.1\Server\ThirdParty\MongoDBDriver\MongoDB.Driver\MongoCollectionImpl.cs:line 1135
   at ETModel.DBQueryJsonTask.Run() in E:\ETRpgLesson\MMOServer0.1\Server\ET.Core\Module\DB\DBQueryJsonTask.cs:line 34
   --- End of inner exception stack trace ---
   at ETHotfix.DBQueryJsonRequestHandler.Run(Session session, DBQueryJsonRequest request, DBQueryJsonResponse response, Action reply) in E:\ETRpgLesson\MMOServer0.1\Server\Hotfix\Module\DB\DBQueryJsonRequestHandler.cs:line 15 
 TrySetException at offset 127 in file:line:column <filename unknown>:0:0
FinishSlow at offset 24 in file:line:column <filename unknown>:0:0
RunContinuations at offset 440 in file:line:column <filename unknown>:0:0
RunCallback at offset 71 in file:line:column <filename unknown>:0:0
<OutputWaitEtwEvents>b__12_0 at offset 323 in file:line:column <filename unknown>:0:0
Run at offset 61 in file:line:column E:\ETRpgLesson\MMOServer0.1\Server\ET.Core\Base\Async\MoveNextRunner.cs:12:13
MoveNext at offset 548 in file:line:column E:\ETRpgLesson\MMOServer0.1\Server\Hotfix\Module\DB\DBQueryJsonRequestHandler.cs:15:5
ReplyError at offset 69 in file:line:column E:\ETRpgLesson\MMOServer0.1\Server\ET.Core\Module\Message\AMRpcHandler.cs:9:4
Error at offset 112 in file:line:column E:\ETRpgLesson\MMOServer0.1\Server\ET.Core\Base\Log.cs:32:4
Error at offset 58 in file:line:column E:\ETRpgLesson\MMOServer0.1\Server\ET.Core\Base\Logger\NLogAdapter.cs:32:4

2020-12-12 15:11:11.7132 AllServer 0001 System.Exception: Rpc Error: ETModel.DBQueryJsonRequest 102001
   at ETModel.ETTaskCompletionSource`1.ETModel.IAwaiter<T>.GetResult() in E:\ETRpgLesson\MMOServer0.1\Server\ET.Core\Base\Async\ETTaskCompletionSource.cs:line 171
   at ETModel.ETTask`1.get_Result() in E:\ETRpgLesson\MMOServer0.1\Server\ET.Core\Base\Async\ETTask.cs:line 168
   at ETModel.ETTask`1.Awaiter.GetResult() in E:\ETRpgLesson\MMOServer0.1\Server\ET.Core\Base\Async\ETTask.cs:line 254
   at ETHotfix.DBProxyComponentEx.Query[T](DBProxyComponent self, String json) in E:\ETRpgLesson\MMOServer0.1\Server\Hotfix\Module\DB\DBProxyComponentSystem.cs:line 99
   at ETHotfix.LoginHandler.Run(Session session, Login_C2R request, Login_R2C response, Action reply) in E:\ETRpgLesson\MMOServer0.1\Server\Hotfix\MMOServer\Realm\LoginHandler.cs:line 31 
 TrySetException at offset 127 in file:line:column <filename unknown>:0:0
FinishSlow at offset 24 in file:line:column <filename unknown>:0:0
RunContinuations at offset 440 in file:line:column <filename unknown>:0:0
RunCallback at offset 71 in file:line:column <filename unknown>:0:0
<OutputWaitEtwEvents>b__12_0 at offset 323 in file:line:column <filename unknown>:0:0
Run at offset 61 in file:line:column E:\ETRpgLesson\MMOServer0.1\Server\ET.Core\Base\Async\MoveNextRunner.cs:12:13
MoveNext at offset 1383 in file:line:column E:\ETRpgLesson\MMOServer0.1\Server\Hotfix\MMOServer\Realm\LoginHandler.cs:31:5
ReplyError at offset 69 in file:line:column E:\ETRpgLesson\MMOServer0.1\Server\ET.Core\Module\Message\AMRpcHandler.cs:9:4
Error at offset 112 in file:line:column E:\ETRpgLesson\MMOServer0.1\Server\ET.Core\Base\Log.cs:32:4
Error at offset 58 in file:line:column E:\ETRpgLesson\MMOServer0.1\Server\ET.Core\Base\Logger\NLogAdapter.cs:32:4

2020-12-12 15:11:36.3731 AllServer 0001 System.Exception: 查询数据库异常! GlobalInfo {Type:'Equip'} ---> System.FormatException: An error occurred while deserializing the Item property of class ETModel.GlobalInfo: Value class ETModel.EquipInfo cannot be deserialized. ---> MongoDB.Bson.BsonSerializationException: Value class ETModel.EquipInfo cannot be deserialized.
   at MongoDB.Bson.Serialization.BsonClassMapSerializer`1.Deserialize(BsonDeserializationContext context, BsonDeserializationArgs args) in E:\ETRpgLesson\MMOServer0.1\Server\ThirdParty\MongoDBDriver\MongoDB.Bson\Serialization\Serializers\BsonClassMapSerializer.cs:line 88
   at MongoDB.Bson.Serialization.Serializers.SerializerBase`1.MongoDB.Bson.Serialization.IBsonSerializer.Deserialize(BsonDeserializationContext context, BsonDeserializationArgs args) in E:\ETRpgLesson\MMOServer0.1\Server\ThirdParty\MongoDBDriver\MongoDB.Bson\Serialization\Serializers\SerializerBase.cs:line 119
   at MongoDB.Bson.Serialization.IBsonSerializerExtensions.Deserialize(IBsonSerializer serializer, BsonDeserializationContext context) in E:\ETRpgLesson\MMOServer0.1\Server\ThirdParty\MongoDBDriver\MongoDB.Bson\Serialization\IBsonSerializerExtensions.cs:line 36
   at MongoDB.Bson.Serialization.BsonClassMapSerializer`1.DeserializeMemberValue(BsonDeserializationContext context, BsonMemberMap memberMap) in E:\ETRpgLesson\MMOServer0.1\Server\ThirdParty\MongoDBDriver\MongoDB.Bson\Serialization\Serializers\BsonClassMapSerializer.cs:line 555
   --- End of inner exception stack trace ---
   at MongoDB.Bson.Serialization.BsonClassMapSerializer`1.DeserializeMemberValue(BsonDeserializationContext context, BsonMemberMap memberMap) in E:\ETRpgLesson\MMOServer0.1\Server\ThirdParty\MongoDBDriver\MongoDB.Bson\Serialization\Serializers\BsonClassMapSerializer.cs:line 562
   at MongoDB.Bson.Serialization.BsonClassMapSerializer`1.DeserializeClass(BsonDeserializationContext context) in E:\ETRpgLesson\MMOServer0.1\Server\ThirdParty\MongoDBDriver\MongoDB.Bson\Serialization\Serializers\BsonClassMapSerializer.cs:line 175
   at MongoDB.Bson.Serialization.BsonClassMapSerializer`1.Deserialize(BsonDeserializationContext context, BsonDeserializationArgs args) in E:\ETRpgLesson\MMOServer0.1\Server\ThirdParty\MongoDBDriver\MongoDB.Bson\Serialization\Serializers\BsonClassMapSerializer.cs:line 100
   at MongoDB.Bson.Serialization.Serializers.SerializerBase`1.MongoDB.Bson.Serialization.IBsonSerializer.Deserialize(BsonDeserializationContext context, BsonDeserializationArgs args) in E:\ETRpgLesson\MMOServer0.1\Server\ThirdParty\MongoDBDriver\MongoDB.Bson\Serialization\Serializers\SerializerBase.cs:line 119
   at MongoDB.Bson.Serialization.IBsonSerializerExtensions.Deserialize(IBsonSerializer serializer, BsonDeserializationContext context) in E:\ETRpgLesson\MMOServer0.1\Server\ThirdParty\MongoDBDriver\MongoDB.Bson\Serialization\IBsonSerializerExtensions.cs:line 36
   at MongoDB.Bson.Serialization.BsonClassMapSerializer`1.Deserialize(BsonDeserializationContext context, BsonDeserializationArgs args) in E:\ETRpgLesson\MMOServer0.1\Server\ThirdParty\MongoDBDriver\MongoDB.Bson\Serialization\Serializers\BsonClassMapSerializer.cs:line 105
   at MongoDB.Bson.Serialization.IBsonSerializerExtensions.Deserialize[TValue](IBsonSerializer`1 serializer, BsonDeserializationContext context) in E:\ETRpgLesson\MMOServer0.1\Server\ThirdParty\MongoDBDriver\MongoDB.Bson\Serialization\IBsonSerializerExtensions.cs:line 49
   at MongoDB.Driver.Core.Operations.CursorBatchDeserializationHelper.DeserializeBatch[TDocument](RawBsonArray batch, IBsonSerializer`1 documentSerializer, MessageEncoderSettings messageEncoderSettings) in E:\ETRpgLesson\MMOServer0.1\Server\ThirdParty\MongoDBDriver\MongoDB.Driver.Core\Core\Operations\CursorBatchDeserializationHelper.cs:line 59
   at MongoDB.Driver.Core.Operations.FindCommandOperation`1.CreateCursorBatch(BsonDocument commandResult) in E:\ETRpgLesson\MMOServer0.1\Server\ThirdParty\MongoDBDriver\MongoDB.Driver.Core\Core\Operations\FindCommandOperation.cs:line 483
   at MongoDB.Driver.Core.Operations.FindCommandOperation`1.CreateCursor(IChannelSourceHandle channelSource, BsonDocument commandResult) in E:\ETRpgLesson\MMOServer0.1\Server\ThirdParty\MongoDBDriver\MongoDB.Driver.Core\Core\Operations\FindCommandOperation.cs:line 460
   at MongoDB.Driver.Core.Operations.FindCommandOperation`1.ExecuteAsync(IReadBinding binding, CancellationToken cancellationToken) in E:\ETRpgLesson\MMOServer0.1\Server\ThirdParty\MongoDBDriver\MongoDB.Driver.Core\Core\Operations\FindCommandOperation.cs:line 525
   at MongoDB.Driver.Core.Operations.FindOperation`1.ExecuteAsync(IReadBinding binding, CancellationToken cancellationToken) in E:\ETRpgLesson\MMOServer0.1\Server\ThirdParty\MongoDBDriver\MongoDB.Driver.Core\Core\Operations\FindOperation.cs:line 442
   at MongoDB.Driver.OperationExecutor.ExecuteReadOperationAsync[TResult](IReadBinding binding, IReadOperation`1 operation, CancellationToken cancellationToken) in E:\ETRpgLesson\MMOServer0.1\Server\ThirdParty\MongoDBDriver\MongoDB.Driver\OperationExecutor.cs:line 39
   at MongoDB.Driver.MongoCollectionImpl`1.ExecuteReadOperationAsync[TResult](IClientSessionHandle session, IReadOperation`1 operation, ReadPreference readPreference, CancellationToken cancellationToken) in E:\ETRpgLesson\MMOServer0.1\Server\ThirdParty\MongoDBDriver\MongoDB.Driver\MongoCollectionImpl.cs:line 1055
   at MongoDB.Driver.MongoCollectionImpl`1.UsingImplicitSessionAsync[TResult](Func`2 funcAsync, CancellationToken cancellationToken) in E:\ETRpgLesson\MMOServer0.1\Server\ThirdParty\MongoDBDriver\MongoDB.Driver\MongoCollectionImpl.cs:line 1135
   at ETModel.DBQueryJsonTask.Run() in E:\ETRpgLesson\MMOServer0.1\Server\ET.Core\Module\DB\DBQueryJsonTask.cs:line 34
   --- End of inner exception stack trace ---
   at ETHotfix.DBQueryJsonRequestHandler.Run(Session session, DBQueryJsonRequest request, DBQueryJsonResponse response, Action reply) in E:\ETRpgLesson\MMOServer0.1\Server\Hotfix\Module\DB\DBQueryJsonRequestHandler.cs:line 15 
 TrySetException at offset 127 in file:line:column <filename unknown>:0:0
FinishSlow at offset 24 in file:line:column <filename unknown>:0:0
RunContinuations at offset 440 in file:line:column <filename unknown>:0:0
RunCallback at offset 71 in file:line:column <filename unknown>:0:0
<OutputWaitEtwEvents>b__12_0 at offset 323 in file:line:column <filename unknown>:0:0
Run at offset 61 in file:line:column E:\ETRpgLesson\MMOServer0.1\Server\ET.Core\Base\Async\MoveNextRunner.cs:12:13
MoveNext at offset 548 in file:line:column E:\ETRpgLesson\MMOServer0.1\Server\Hotfix\Module\DB\DBQueryJsonRequestHandler.cs:15:5
ReplyError at offset 69 in file:line:column E:\ETRpgLesson\MMOServer0.1\Server\ET.Core\Module\Message\AMRpcHandler.cs:9:4
Error at offset 112 in file:line:column E:\ETRpgLesson\MMOServer0.1\Server\ET.Core\Base\Log.cs:32:4
Error at offset 58 in file:line:column E:\ETRpgLesson\MMOServer0.1\Server\ET.Core\Base\Logger\NLogAdapter.cs:32:4

2020-12-12 15:11:36.4774 AllServer 0001 System.Exception: Rpc Error: ETModel.DBQueryJsonRequest 102001
   at ETModel.ETTaskCompletionSource`1.ETModel.IAwaiter<T>.GetResult() in E:\ETRpgLesson\MMOServer0.1\Server\ET.Core\Base\Async\ETTaskCompletionSource.cs:line 171
   at ETModel.ETTask`1.get_Result() in E:\ETRpgLesson\MMOServer0.1\Server\ET.Core\Base\Async\ETTask.cs:line 168
   at ETModel.ETTask`1.Awaiter.GetResult() in E:\ETRpgLesson\MMOServer0.1\Server\ET.Core\Base\Async\ETTask.cs:line 254
   at ETHotfix.DBProxyComponentEx.Query[T](DBProxyComponent self, String json) in E:\ETRpgLesson\MMOServer0.1\Server\Hotfix\Module\DB\DBProxyComponentSystem.cs:line 99
   at ETHotfix.LoginHandler.Run(Session session, Login_C2R request, Login_R2C response, Action reply) in E:\ETRpgLesson\MMOServer0.1\Server\Hotfix\MMOServer\Realm\LoginHandler.cs:line 31 
 TrySetException at offset 127 in file:line:column <filename unknown>:0:0
FinishSlow at offset 24 in file:line:column <filename unknown>:0:0
RunContinuations at offset 440 in file:line:column <filename unknown>:0:0
RunCallback at offset 71 in file:line:column <filename unknown>:0:0
<OutputWaitEtwEvents>b__12_0 at offset 323 in file:line:column <filename unknown>:0:0
Run at offset 61 in file:line:column E:\ETRpgLesson\MMOServer0.1\Server\ET.Core\Base\Async\MoveNextRunner.cs:12:13
MoveNext at offset 1383 in file:line:column E:\ETRpgLesson\MMOServer0.1\Server\Hotfix\MMOServer\Realm\LoginHandler.cs:31:5
ReplyError at offset 69 in file:line:column E:\ETRpgLesson\MMOServer0.1\Server\ET.Core\Module\Message\AMRpcHandler.cs:9:4
Error at offset 112 in file:line:column E:\ETRpgLesson\MMOServer0.1\Server\ET.Core\Base\Log.cs:32:4
Error at offset 58 in file:line:column E:\ETRpgLesson\MMOServer0.1\Server\ET.Core\Base\Logger\NLogAdapter.cs:32:4

2020-12-12 16:42:13.5289 AllServer 0001 System.Security.VerificationException: Method ETHotfix.DBProxyComponentEx.Query: type argument 'ETModel.GlobalInfo' violates the constraint of type parameter 'T'.
   at ETHotfix.LoginHandler.Run(Session session, Login_C2R request, Login_R2C response, Action reply)
   at ETModel.AsyncETTaskMethodBuilder.Start[TStateMachine](TStateMachine& stateMachine) in E:\ETRpgLesson\MMOServer0.1\Server\ET.Core\Base\Async\AsyncETTaskMethodBuilder.cs:line 126
   at ETHotfix.LoginHandler.Run(Session session, Login_C2R request, Login_R2C response, Action reply)
   at ETModel.AMRpcHandler`2.Handle(Session session, Object message) in E:\ETRpgLesson\MMOServer0.1\Server\ET.Core\Module\Message\AMRpcHandler.cs:line 45 
 Dispatch at offset 85 in file:line:column E:\ETRpgLesson\MMOServer0.1\Server\Hotfix\Module\Message\OuterMessageDispatcher.cs:9:4
DispatchAsync at offset 259 in file:line:column <filename unknown>:0:0
Start<TStateMachine> at offset 68 in file:line:column E:\ETRpgLesson\MMOServer0.1\Server\ET.Core\Base\Async\AsyncETVoidMethodBuilder.cs:74:13
MoveNext at offset 3513 in file:line:column E:\ETRpgLesson\MMOServer0.1\Server\Hotfix\Module\Message\OuterMessageDispatcher.cs:81:6
Handle at offset 492 in file:line:column E:\ETRpgLesson\MMOServer0.1\Server\Hotfix\Module\Message\MessageDispatherComponentSystem.cs:92:6
Handle at offset 367 in file:line:column <filename unknown>:0:0
Start<TStateMachine> at offset 68 in file:line:column E:\ETRpgLesson\MMOServer0.1\Server\ET.Core\Base\Async\AsyncETVoidMethodBuilder.cs:74:13
MoveNext at offset 1382 in file:line:column E:\ETRpgLesson\MMOServer0.1\Server\ET.Core\Module\Message\AMRpcHandler.cs:45:6
Error at offset 112 in file:line:column E:\ETRpgLesson\MMOServer0.1\Server\ET.Core\Base\Log.cs:32:4
Error at offset 58 in file:line:column E:\ETRpgLesson\MMOServer0.1\Server\ET.Core\Base\Logger\NLogAdapter.cs:32:4

2020-12-12 17:46:51.6090 AllServer 0001 System.InvalidOperationException: An attempt was made to transition a task to a final state when it had already completed.
   at ETModel.DBQueryJsonTask.Run() in E:\ETRpgLesson\MMOServer0.1\Server\ET.Core\Module\DB\DBQueryJsonTask.cs:line 40
   at ETModel.DbTaskQueueStartSystem.Start(DBTaskQueue self) in E:\ETRpgLesson\MMOServer0.1\Server\ET.Core\Module\DB\DBTaskQueue.cs:line 34 
 TrySetException at offset 127 in file:line:column <filename unknown>:0:0
FinishSlow at offset 24 in file:line:column <filename unknown>:0:0
RunContinuations at offset 440 in file:line:column <filename unknown>:0:0
RunCallback at offset 71 in file:line:column <filename unknown>:0:0
<OutputWaitEtwEvents>b__12_0 at offset 323 in file:line:column <filename unknown>:0:0
MoveNext at offset 160 in file:line:column <filename unknown>:0:0
RunInternal at offset 137 in file:line:column <filename unknown>:0:0
MoveNext at offset 888 in file:line:column E:\ETRpgLesson\MMOServer0.1\Server\ET.Core\Module\DB\DBTaskQueue.cs:34:6
Error at offset 124 in file:line:column E:\ETRpgLesson\MMOServer0.1\Server\ET.Core\Base\Log.cs:32:4
Error at offset 64 in file:line:column E:\ETRpgLesson\MMOServer0.1\Server\ET.Core\Base\Logger\NLogAdapter.cs:32:4

2020-12-12 17:56:17.8851 AllServer 0001 System.Exception: 查询数据库异常! GlobalInfo {Type:'Equip'} ---> System.FormatException: Element '_id' does not match any field or property of class ETModel.GlobalInfo.
   at MongoDB.Bson.Serialization.BsonClassMapSerializer`1.DeserializeClass(BsonDeserializationContext context) in E:\ETRpgLesson\MMOServer0.1\Server\ThirdParty\MongoDBDriver\MongoDB.Bson\Serialization\Serializers\BsonClassMapSerializer.cs:line 230
   at MongoDB.Bson.Serialization.BsonClassMapSerializer`1.Deserialize(BsonDeserializationContext context, BsonDeserializationArgs args) in E:\ETRpgLesson\MMOServer0.1\Server\ThirdParty\MongoDBDriver\MongoDB.Bson\Serialization\Serializers\BsonClassMapSerializer.cs:line 100
   at MongoDB.Bson.Serialization.Serializers.SerializerBase`1.MongoDB.Bson.Serialization.IBsonSerializer.Deserialize(BsonDeserializationContext context, BsonDeserializationArgs args) in E:\ETRpgLesson\MMOServer0.1\Server\ThirdParty\MongoDBDriver\MongoDB.Bson\Serialization\Serializers\SerializerBase.cs:line 119
   at MongoDB.Bson.Serialization.IBsonSerializerExtensions.Deserialize(IBsonSerializer serializer, BsonDeserializationContext context) in E:\ETRpgLesson\MMOServer0.1\Server\ThirdParty\MongoDBDriver\MongoDB.Bson\Serialization\IBsonSerializerExtensions.cs:line 36
   at MongoDB.Bson.Serialization.BsonClassMapSerializer`1.Deserialize(BsonDeserializationContext context, BsonDeserializationArgs args) in E:\ETRpgLesson\MMOServer0.1\Server\ThirdParty\MongoDBDriver\MongoDB.Bson\Serialization\Serializers\BsonClassMapSerializer.cs:line 105
   at MongoDB.Bson.Serialization.IBsonSerializerExtensions.Deserialize[TValue](IBsonSerializer`1 serializer, BsonDeserializationContext context) in E:\ETRpgLesson\MMOServer0.1\Server\ThirdParty\MongoDBDriver\MongoDB.Bson\Serialization\IBsonSerializerExtensions.cs:line 49
   at MongoDB.Driver.Core.Operations.CursorBatchDeserializationHelper.DeserializeBatch[TDocument](RawBsonArray batch, IBsonSerializer`1 documentSerializer, MessageEncoderSettings messageEncoderSettings) in E:\ETRpgLesson\MMOServer0.1\Server\ThirdParty\MongoDBDriver\MongoDB.Driver.Core\Core\Operations\CursorBatchDeserializationHelper.cs:line 59
   at MongoDB.Driver.Core.Operations.FindCommandOperation`1.CreateCursorBatch(BsonDocument commandResult) in E:\ETRpgLesson\MMOServer0.1\Server\ThirdParty\MongoDBDriver\MongoDB.Driver.Core\Core\Operations\FindCommandOperation.cs:line 483
   at MongoDB.Driver.Core.Operations.FindCommandOperation`1.CreateCursor(IChannelSourceHandle channelSource, BsonDocument commandResult) in E:\ETRpgLesson\MMOServer0.1\Server\ThirdParty\MongoDBDriver\MongoDB.Driver.Core\Core\Operations\FindCommandOperation.cs:line 460
   at MongoDB.Driver.Core.Operations.FindCommandOperation`1.ExecuteAsync(IReadBinding binding, CancellationToken cancellationToken) in E:\ETRpgLesson\MMOServer0.1\Server\ThirdParty\MongoDBDriver\MongoDB.Driver.Core\Core\Operations\FindCommandOperation.cs:line 525
   at MongoDB.Driver.Core.Operations.FindOperation`1.ExecuteAsync(IReadBinding binding, CancellationToken cancellationToken) in E:\ETRpgLesson\MMOServer0.1\Server\ThirdParty\MongoDBDriver\MongoDB.Driver.Core\Core\Operations\FindOperation.cs:line 442
   at MongoDB.Driver.OperationExecutor.ExecuteReadOperationAsync[TResult](IReadBinding binding, IReadOperation`1 operation, CancellationToken cancellationToken) in E:\ETRpgLesson\MMOServer0.1\Server\ThirdParty\MongoDBDriver\MongoDB.Driver\OperationExecutor.cs:line 39
   at MongoDB.Driver.MongoCollectionImpl`1.ExecuteReadOperationAsync[TResult](IClientSessionHandle session, IReadOperation`1 operation, ReadPreference readPreference, CancellationToken cancellationToken) in E:\ETRpgLesson\MMOServer0.1\Server\ThirdParty\MongoDBDriver\MongoDB.Driver\MongoCollectionImpl.cs:line 1055
   at MongoDB.Driver.MongoCollectionImpl`1.UsingImplicitSessionAsync[TResult](Func`2 funcAsync, CancellationToken cancellationToken) in E:\ETRpgLesson\MMOServer0.1\Server\ThirdParty\MongoDBDriver\MongoDB.Driver\MongoCollectionImpl.cs:line 1135
   at ETModel.DBQuery2JsonTask.Run() in E:\ETRpgLesson\MMOServer0.1\Server\ET.Core\Module\DB\DBQuery2JsonTask.cs:line 34
   --- End of inner exception stack trace ---
   at ETHotfix.DBQuery2JsonRequestHandler.Run(Session session, DBQuery2JsonRequest request, DBQuery2JsonResponse response, Action reply) in E:\ETRpgLesson\MMOServer0.1\Server\Hotfix\Module\DB\DBQuery2JsonRequestHandler.cs:line 15 
 TrySetException at offset 127 in file:line:column <filename unknown>:0:0
FinishSlow at offset 24 in file:line:column <filename unknown>:0:0
RunContinuations at offset 440 in file:line:column <filename unknown>:0:0
RunCallback at offset 71 in file:line:column <filename unknown>:0:0
<OutputWaitEtwEvents>b__12_0 at offset 323 in file:line:column <filename unknown>:0:0
Run at offset 73 in file:line:column E:\ETRpgLesson\MMOServer0.1\Server\ET.Core\Base\Async\MoveNextRunner.cs:12:13
MoveNext at offset 554 in file:line:column E:\ETRpgLesson\MMOServer0.1\Server\Hotfix\Module\DB\DBQuery2JsonRequestHandler.cs:15:5
ReplyError at offset 75 in file:line:column E:\ETRpgLesson\MMOServer0.1\Server\ET.Core\Module\Message\AMRpcHandler.cs:9:4
Error at offset 124 in file:line:column E:\ETRpgLesson\MMOServer0.1\Server\ET.Core\Base\Log.cs:32:4
Error at offset 64 in file:line:column E:\ETRpgLesson\MMOServer0.1\Server\ET.Core\Base\Logger\NLogAdapter.cs:32:4

2020-12-12 17:56:17.9775 AllServer 0001 System.Exception: Rpc Error: ETModel.DBQuery2JsonRequest 102001
   at ETModel.ETTaskCompletionSource`1.ETModel.IAwaiter<T>.GetResult() in E:\ETRpgLesson\MMOServer0.1\Server\ET.Core\Base\Async\ETTaskCompletionSource.cs:line 171
   at ETModel.ETTask`1.get_Result() in E:\ETRpgLesson\MMOServer0.1\Server\ET.Core\Base\Async\ETTask.cs:line 168
   at ETModel.ETTask`1.Awaiter.GetResult() in E:\ETRpgLesson\MMOServer0.1\Server\ET.Core\Base\Async\ETTask.cs:line 254
   at ETHotfix.DBProxyComponentEx.Query2[T](DBProxyComponent self, String json) in E:\ETRpgLesson\MMOServer0.1\Server\Hotfix\Module\DB\DBProxyComponentSystem.cs:line 106
   at ETHotfix.LoginHandler.Run(Session session, Login_C2R request, Login_R2C response, Action reply) in E:\ETRpgLesson\MMOServer0.1\Server\Hotfix\MMOServer\Realm\LoginHandler.cs:line 31 
 TrySetException at offset 127 in file:line:column <filename unknown>:0:0
FinishSlow at offset 24 in file:line:column <filename unknown>:0:0
RunContinuations at offset 440 in file:line:column <filename unknown>:0:0
RunCallback at offset 71 in file:line:column <filename unknown>:0:0
<OutputWaitEtwEvents>b__12_0 at offset 323 in file:line:column <filename unknown>:0:0
Run at offset 73 in file:line:column E:\ETRpgLesson\MMOServer0.1\Server\ET.Core\Base\Async\MoveNextRunner.cs:12:13
MoveNext at offset 1389 in file:line:column E:\ETRpgLesson\MMOServer0.1\Server\Hotfix\MMOServer\Realm\LoginHandler.cs:31:5
ReplyError at offset 75 in file:line:column E:\ETRpgLesson\MMOServer0.1\Server\ET.Core\Module\Message\AMRpcHandler.cs:9:4
Error at offset 124 in file:line:column E:\ETRpgLesson\MMOServer0.1\Server\ET.Core\Base\Log.cs:32:4
Error at offset 64 in file:line:column E:\ETRpgLesson\MMOServer0.1\Server\ET.Core\Base\Logger\NLogAdapter.cs:32:4

2020-12-12 21:03:33.4285 AllServer 0001 玩家当前位置已有角色 
 MoveNext at offset 1064 in file:line:column E:\ETRpgLesson\MMOServer0.1\Server\Hotfix\Module\DB\DBProxyComponentSystem.cs:101:3
SetExistingTaskResult at offset 97 in file:line:column <filename unknown>:0:0
TrySetResult at offset 145 in file:line:column <filename unknown>:0:0
RunContinuations at offset 440 in file:line:column <filename unknown>:0:0
RunCallback at offset 71 in file:line:column <filename unknown>:0:0
<OutputWaitEtwEvents>b__12_0 at offset 323 in file:line:column <filename unknown>:0:0
Run at offset 73 in file:line:column E:\ETRpgLesson\MMOServer0.1\Server\ET.Core\Base\Async\MoveNextRunner.cs:12:13
MoveNext at offset 2177 in file:line:column E:\ETRpgLesson\MMOServer0.1\Server\Hotfix\MMOServer\Gate\CreateNewCharacter.cs:60:21
Error at offset 82 in file:line:column E:\ETRpgLesson\MMOServer0.1\Server\ET.Core\Base\Log.cs:37:4
Error at offset 64 in file:line:column E:\ETRpgLesson\MMOServer0.1\Server\ET.Core\Base\Logger\NLogAdapter.cs:32:4

2020-12-12 21:07:27.9764 AllServer 0001 System.Exception: 查询数据库异常! GlobalInfo {Type:'WarriorEquip'} ---> System.FormatException: An error occurred while deserializing the Item property of class ETModel.GlobalInfo: Element 'endurance' does not match any field or property of class ETModel.EquipInfo. ---> System.FormatException: Element 'endurance' does not match any field or property of class ETModel.EquipInfo.
   at MongoDB.Bson.Serialization.BsonClassMapSerializer`1.DeserializeClass(BsonDeserializationContext context) in E:\ETRpgLesson\MMOServer0.1\Server\ThirdParty\MongoDBDriver\MongoDB.Bson\Serialization\Serializers\BsonClassMapSerializer.cs:line 230
   at MongoDB.Bson.Serialization.BsonClassMapSerializer`1.Deserialize(BsonDeserializationContext context, BsonDeserializationArgs args) in E:\ETRpgLesson\MMOServer0.1\Server\ThirdParty\MongoDBDriver\MongoDB.Bson\Serialization\Serializers\BsonClassMapSerializer.cs:line 100
   at MongoDB.Bson.Serialization.Serializers.SerializerBase`1.MongoDB.Bson.Serialization.IBsonSerializer.Deserialize(BsonDeserializationContext context, BsonDeserializationArgs args) in E:\ETRpgLesson\MMOServer0.1\Server\ThirdParty\MongoDBDriver\MongoDB.Bson\Serialization\Serializers\SerializerBase.cs:line 119
   at MongoDB.Bson.Serialization.IBsonSerializerExtensions.Deserialize(IBsonSerializer serializer, BsonDeserializationContext context) in E:\ETRpgLesson\MMOServer0.1\Server\ThirdParty\MongoDBDriver\MongoDB.Bson\Serialization\IBsonSerializerExtensions.cs:line 36
   at MongoDB.Bson.Serialization.BsonClassMapSerializer`1.DeserializeMemberValue(BsonDeserializationContext context, BsonMemberMap memberMap) in E:\ETRpgLesson\MMOServer0.1\Server\ThirdParty\MongoDBDriver\MongoDB.Bson\Serialization\Serializers\BsonClassMapSerializer.cs:line 555
   --- End of inner exception stack trace ---
   at MongoDB.Bson.Serialization.BsonClassMapSerializer`1.DeserializeMemberValue(BsonDeserializationContext context, BsonMemberMap memberMap) in E:\ETRpgLesson\MMOServer0.1\Server\ThirdParty\MongoDBDriver\MongoDB.Bson\Serialization\Serializers\BsonClassMapSerializer.cs:line 562
   at MongoDB.Bson.Serialization.BsonClassMapSerializer`1.DeserializeClass(BsonDeserializationContext context) in E:\ETRpgLesson\MMOServer0.1\Server\ThirdParty\MongoDBDriver\MongoDB.Bson\Serialization\Serializers\BsonClassMapSerializer.cs:line 175
   at MongoDB.Bson.Serialization.BsonClassMapSerializer`1.Deserialize(BsonDeserializationContext context, BsonDeserializationArgs args) in E:\ETRpgLesson\MMOServer0.1\Server\ThirdParty\MongoDBDriver\MongoDB.Bson\Serialization\Serializers\BsonClassMapSerializer.cs:line 100
   at MongoDB.Bson.Serialization.Serializers.SerializerBase`1.MongoDB.Bson.Serialization.IBsonSerializer.Deserialize(BsonDeserializationContext context, BsonDeserializationArgs args) in E:\ETRpgLesson\MMOServer0.1\Server\ThirdParty\MongoDBDriver\MongoDB.Bson\Serialization\Serializers\SerializerBase.cs:line 119
   at MongoDB.Bson.Serialization.IBsonSerializerExtensions.Deserialize(IBsonSerializer serializer, BsonDeserializationContext context) in E:\ETRpgLesson\MMOServer0.1\Server\ThirdParty\MongoDBDriver\MongoDB.Bson\Serialization\IBsonSerializerExtensions.cs:line 36
   at MongoDB.Bson.Serialization.BsonClassMapSerializer`1.Deserialize(BsonDeserializationContext context, BsonDeserializationArgs args) in E:\ETRpgLesson\MMOServer0.1\Server\ThirdParty\MongoDBDriver\MongoDB.Bson\Serialization\Serializers\BsonClassMapSerializer.cs:line 105
   at MongoDB.Bson.Serialization.IBsonSerializerExtensions.Deserialize[TValue](IBsonSerializer`1 serializer, BsonDeserializationContext context) in E:\ETRpgLesson\MMOServer0.1\Server\ThirdParty\MongoDBDriver\MongoDB.Bson\Serialization\IBsonSerializerExtensions.cs:line 49
   at MongoDB.Driver.Core.Operations.CursorBatchDeserializationHelper.DeserializeBatch[TDocument](RawBsonArray batch, IBsonSerializer`1 documentSerializer, MessageEncoderSettings messageEncoderSettings) in E:\ETRpgLesson\MMOServer0.1\Server\ThirdParty\MongoDBDriver\MongoDB.Driver.Core\Core\Operations\CursorBatchDeserializationHelper.cs:line 59
   at MongoDB.Driver.Core.Operations.FindCommandOperation`1.CreateCursorBatch(BsonDocument commandResult) in E:\ETRpgLesson\MMOServer0.1\Server\ThirdParty\MongoDBDriver\MongoDB.Driver.Core\Core\Operations\FindCommandOperation.cs:line 483
   at MongoDB.Driver.Core.Operations.FindCommandOperation`1.CreateCursor(IChannelSourceHandle channelSource, BsonDocument commandResult) in E:\ETRpgLesson\MMOServer0.1\Server\ThirdParty\MongoDBDriver\MongoDB.Driver.Core\Core\Operations\FindCommandOperation.cs:line 460
   at MongoDB.Driver.Core.Operations.FindCommandOperation`1.ExecuteAsync(IReadBinding binding, CancellationToken cancellationToken) in E:\ETRpgLesson\MMOServer0.1\Server\ThirdParty\MongoDBDriver\MongoDB.Driver.Core\Core\Operations\FindCommandOperation.cs:line 525
   at MongoDB.Driver.Core.Operations.FindOperation`1.ExecuteAsync(IReadBinding binding, CancellationToken cancellationToken) in E:\ETRpgLesson\MMOServer0.1\Server\ThirdParty\MongoDBDriver\MongoDB.Driver.Core\Core\Operations\FindOperation.cs:line 442
   at MongoDB.Driver.OperationExecutor.ExecuteReadOperationAsync[TResult](IReadBinding binding, IReadOperation`1 operation, CancellationToken cancellationToken) in E:\ETRpgLesson\MMOServer0.1\Server\ThirdParty\MongoDBDriver\MongoDB.Driver\OperationExecutor.cs:line 39
   at MongoDB.Driver.MongoCollectionImpl`1.ExecuteReadOperationAsync[TResult](IClientSessionHandle session, IReadOperation`1 operation, ReadPreference readPreference, CancellationToken cancellationToken) in E:\ETRpgLesson\MMOServer0.1\Server\ThirdParty\MongoDBDriver\MongoDB.Driver\MongoCollectionImpl.cs:line 1055
   at MongoDB.Driver.MongoCollectionImpl`1.UsingImplicitSessionAsync[TResult](Func`2 funcAsync, CancellationToken cancellationToken) in E:\ETRpgLesson\MMOServer0.1\Server\ThirdParty\MongoDBDriver\MongoDB.Driver\MongoCollectionImpl.cs:line 1135
   at ETModel.DBQuery2JsonTask.Run() in E:\ETRpgLesson\MMOServer0.1\Server\ET.Core\Module\DB\DBQuery2JsonTask.cs:line 34
   --- End of inner exception stack trace ---
   at ETHotfix.DBQuery2JsonRequestHandler.Run(Session session, DBQuery2JsonRequest request, DBQuery2JsonResponse response, Action reply) in E:\ETRpgLesson\MMOServer0.1\Server\Hotfix\Module\DB\DBQuery2JsonRequestHandler.cs:line 15 
 TrySetException at offset 127 in file:line:column <filename unknown>:0:0
FinishSlow at offset 24 in file:line:column <filename unknown>:0:0
RunContinuations at offset 440 in file:line:column <filename unknown>:0:0
RunCallback at offset 71 in file:line:column <filename unknown>:0:0
<OutputWaitEtwEvents>b__12_0 at offset 323 in file:line:column <filename unknown>:0:0
Run at offset 73 in file:line:column E:\ETRpgLesson\MMOServer0.1\Server\ET.Core\Base\Async\MoveNextRunner.cs:12:13
MoveNext at offset 554 in file:line:column E:\ETRpgLesson\MMOServer0.1\Server\Hotfix\Module\DB\DBQuery2JsonRequestHandler.cs:15:5
ReplyError at offset 75 in file:line:column E:\ETRpgLesson\MMOServer0.1\Server\ET.Core\Module\Message\AMRpcHandler.cs:9:4
Error at offset 124 in file:line:column E:\ETRpgLesson\MMOServer0.1\Server\ET.Core\Base\Log.cs:32:4
Error at offset 64 in file:line:column E:\ETRpgLesson\MMOServer0.1\Server\ET.Core\Base\Logger\NLogAdapter.cs:32:4

2020-12-12 21:07:28.1079 AllServer 0001 System.Exception: Rpc Error: ETModel.DBQuery2JsonRequest 102001
   at ETModel.ETTaskCompletionSource`1.ETModel.IAwaiter<T>.GetResult() in E:\ETRpgLesson\MMOServer0.1\Server\ET.Core\Base\Async\ETTaskCompletionSource.cs:line 171
   at ETModel.ETTask`1.get_Result() in E:\ETRpgLesson\MMOServer0.1\Server\ET.Core\Base\Async\ETTask.cs:line 168
   at ETModel.ETTask`1.Awaiter.GetResult() in E:\ETRpgLesson\MMOServer0.1\Server\ET.Core\Base\Async\ETTask.cs:line 254
   at ETHotfix.DBProxyComponentEx.Query2[T](DBProxyComponent self, String json) in E:\ETRpgLesson\MMOServer0.1\Server\Hotfix\Module\DB\DBProxyComponentSystem.cs:line 106
   at ETHotfix.CreateNewCharacter.Run(Session session, CreateNewCharacter_C2G request, CreateNewCharacter_G2C response, Action reply) in E:\ETRpgLesson\MMOServer0.1\Server\Hotfix\MMOServer\Gate\CreateNewCharacter.cs:line 67 
 TrySetException at offset 127 in file:line:column <filename unknown>:0:0
FinishSlow at offset 24 in file:line:column <filename unknown>:0:0
RunContinuations at offset 440 in file:line:column <filename unknown>:0:0
RunCallback at offset 71 in file:line:column <filename unknown>:0:0
<OutputWaitEtwEvents>b__12_0 at offset 323 in file:line:column <filename unknown>:0:0
Run at offset 73 in file:line:column E:\ETRpgLesson\MMOServer0.1\Server\ET.Core\Base\Async\MoveNextRunner.cs:12:13
MoveNext at offset 2682 in file:line:column E:\ETRpgLesson\MMOServer0.1\Server\Hotfix\MMOServer\Gate\CreateNewCharacter.cs:67:17
ReplyError at offset 75 in file:line:column E:\ETRpgLesson\MMOServer0.1\Server\ET.Core\Module\Message\AMRpcHandler.cs:9:4
Error at offset 124 in file:line:column E:\ETRpgLesson\MMOServer0.1\Server\ET.Core\Base\Log.cs:32:4
Error at offset 64 in file:line:column E:\ETRpgLesson\MMOServer0.1\Server\ET.Core\Base\Logger\NLogAdapter.cs:32:4

2020-12-12 21:19:15.9518 AllServer 0001 System.Exception: 查询数据库异常! GlobalInfo {Type:'WarriorEquip'} ---> System.FormatException: An error occurred while deserializing the Item property of class ETModel.GlobalInfo: Element 'endurance' does not match any field or property of class ETModel.EquipInfo. ---> System.FormatException: Element 'endurance' does not match any field or property of class ETModel.EquipInfo.
   at MongoDB.Bson.Serialization.BsonClassMapSerializer`1.DeserializeClass(BsonDeserializationContext context) in E:\ETRpgLesson\MMOServer0.1\Server\ThirdParty\MongoDBDriver\MongoDB.Bson\Serialization\Serializers\BsonClassMapSerializer.cs:line 230
   at MongoDB.Bson.Serialization.BsonClassMapSerializer`1.Deserialize(BsonDeserializationContext context, BsonDeserializationArgs args) in E:\ETRpgLesson\MMOServer0.1\Server\ThirdParty\MongoDBDriver\MongoDB.Bson\Serialization\Serializers\BsonClassMapSerializer.cs:line 100
   at MongoDB.Bson.Serialization.Serializers.SerializerBase`1.MongoDB.Bson.Serialization.IBsonSerializer.Deserialize(BsonDeserializationContext context, BsonDeserializationArgs args) in E:\ETRpgLesson\MMOServer0.1\Server\ThirdParty\MongoDBDriver\MongoDB.Bson\Serialization\Serializers\SerializerBase.cs:line 119
   at MongoDB.Bson.Serialization.IBsonSerializerExtensions.Deserialize(IBsonSerializer serializer, BsonDeserializationContext context) in E:\ETRpgLesson\MMOServer0.1\Server\ThirdParty\MongoDBDriver\MongoDB.Bson\Serialization\IBsonSerializerExtensions.cs:line 36
   at MongoDB.Bson.Serialization.BsonClassMapSerializer`1.DeserializeMemberValue(BsonDeserializationContext context, BsonMemberMap memberMap) in E:\ETRpgLesson\MMOServer0.1\Server\ThirdParty\MongoDBDriver\MongoDB.Bson\Serialization\Serializers\BsonClassMapSerializer.cs:line 555
   --- End of inner exception stack trace ---
   at MongoDB.Bson.Serialization.BsonClassMapSerializer`1.DeserializeMemberValue(BsonDeserializationContext context, BsonMemberMap memberMap) in E:\ETRpgLesson\MMOServer0.1\Server\ThirdParty\MongoDBDriver\MongoDB.Bson\Serialization\Serializers\BsonClassMapSerializer.cs:line 562
   at MongoDB.Bson.Serialization.BsonClassMapSerializer`1.DeserializeClass(BsonDeserializationContext context) in E:\ETRpgLesson\MMOServer0.1\Server\ThirdParty\MongoDBDriver\MongoDB.Bson\Serialization\Serializers\BsonClassMapSerializer.cs:line 175
   at MongoDB.Bson.Serialization.BsonClassMapSerializer`1.Deserialize(BsonDeserializationContext context, BsonDeserializationArgs args) in E:\ETRpgLesson\MMOServer0.1\Server\ThirdParty\MongoDBDriver\MongoDB.Bson\Serialization\Serializers\BsonClassMapSerializer.cs:line 100
   at MongoDB.Bson.Serialization.Serializers.SerializerBase`1.MongoDB.Bson.Serialization.IBsonSerializer.Deserialize(BsonDeserializationContext context, BsonDeserializationArgs args) in E:\ETRpgLesson\MMOServer0.1\Server\ThirdParty\MongoDBDriver\MongoDB.Bson\Serialization\Serializers\SerializerBase.cs:line 119
   at MongoDB.Bson.Serialization.IBsonSerializerExtensions.Deserialize(IBsonSerializer serializer, BsonDeserializationContext context) in E:\ETRpgLesson\MMOServer0.1\Server\ThirdParty\MongoDBDriver\MongoDB.Bson\Serialization\IBsonSerializerExtensions.cs:line 36
   at MongoDB.Bson.Serialization.BsonClassMapSerializer`1.Deserialize(BsonDeserializationContext context, BsonDeserializationArgs args) in E:\ETRpgLesson\MMOServer0.1\Server\ThirdParty\MongoDBDriver\MongoDB.Bson\Serialization\Serializers\BsonClassMapSerializer.cs:line 105
   at MongoDB.Bson.Serialization.IBsonSerializerExtensions.Deserialize[TValue](IBsonSerializer`1 serializer, BsonDeserializationContext context) in E:\ETRpgLesson\MMOServer0.1\Server\ThirdParty\MongoDBDriver\MongoDB.Bson\Serialization\IBsonSerializerExtensions.cs:line 49
   at MongoDB.Driver.Core.Operations.CursorBatchDeserializationHelper.DeserializeBatch[TDocument](RawBsonArray batch, IBsonSerializer`1 documentSerializer, MessageEncoderSettings messageEncoderSettings) in E:\ETRpgLesson\MMOServer0.1\Server\ThirdParty\MongoDBDriver\MongoDB.Driver.Core\Core\Operations\CursorBatchDeserializationHelper.cs:line 59
   at MongoDB.Driver.Core.Operations.FindCommandOperation`1.CreateCursorBatch(BsonDocument commandResult) in E:\ETRpgLesson\MMOServer0.1\Server\ThirdParty\MongoDBDriver\MongoDB.Driver.Core\Core\Operations\FindCommandOperation.cs:line 483
   at MongoDB.Driver.Core.Operations.FindCommandOperation`1.CreateCursor(IChannelSourceHandle channelSource, BsonDocument commandResult) in E:\ETRpgLesson\MMOServer0.1\Server\ThirdParty\MongoDBDriver\MongoDB.Driver.Core\Core\Operations\FindCommandOperation.cs:line 460
   at MongoDB.Driver.Core.Operations.FindCommandOperation`1.ExecuteAsync(IReadBinding binding, CancellationToken cancellationToken) in E:\ETRpgLesson\MMOServer0.1\Server\ThirdParty\MongoDBDriver\MongoDB.Driver.Core\Core\Operations\FindCommandOperation.cs:line 525
   at MongoDB.Driver.Core.Operations.FindOperation`1.ExecuteAsync(IReadBinding binding, CancellationToken cancellationToken) in E:\ETRpgLesson\MMOServer0.1\Server\ThirdParty\MongoDBDriver\MongoDB.Driver.Core\Core\Operations\FindOperation.cs:line 442
   at MongoDB.Driver.OperationExecutor.ExecuteReadOperationAsync[TResult](IReadBinding binding, IReadOperation`1 operation, CancellationToken cancellationToken) in E:\ETRpgLesson\MMOServer0.1\Server\ThirdParty\MongoDBDriver\MongoDB.Driver\OperationExecutor.cs:line 39
   at MongoDB.Driver.MongoCollectionImpl`1.ExecuteReadOperationAsync[TResult](IClientSessionHandle session, IReadOperation`1 operation, ReadPreference readPreference, CancellationToken cancellationToken) in E:\ETRpgLesson\MMOServer0.1\Server\ThirdParty\MongoDBDriver\MongoDB.Driver\MongoCollectionImpl.cs:line 1055
   at MongoDB.Driver.MongoCollectionImpl`1.UsingImplicitSessionAsync[TResult](Func`2 funcAsync, CancellationToken cancellationToken) in E:\ETRpgLesson\MMOServer0.1\Server\ThirdParty\MongoDBDriver\MongoDB.Driver\MongoCollectionImpl.cs:line 1135
   at ETModel.DBQuery2JsonTask.Run() in E:\ETRpgLesson\MMOServer0.1\Server\ET.Core\Module\DB\DBQuery2JsonTask.cs:line 34
   --- End of inner exception stack trace ---
   at ETHotfix.DBQuery2JsonRequestHandler.Run(Session session, DBQuery2JsonRequest request, DBQuery2JsonResponse response, Action reply) in E:\ETRpgLesson\MMOServer0.1\Server\Hotfix\Module\DB\DBQuery2JsonRequestHandler.cs:line 15 
 TrySetException at offset 127 in file:line:column <filename unknown>:0:0
FinishSlow at offset 24 in file:line:column <filename unknown>:0:0
RunContinuations at offset 440 in file:line:column <filename unknown>:0:0
RunCallback at offset 71 in file:line:column <filename unknown>:0:0
<OutputWaitEtwEvents>b__12_0 at offset 323 in file:line:column <filename unknown>:0:0
Run at offset 73 in file:line:column E:\ETRpgLesson\MMOServer0.1\Server\ET.Core\Base\Async\MoveNextRunner.cs:12:13
MoveNext at offset 554 in file:line:column E:\ETRpgLesson\MMOServer0.1\Server\Hotfix\Module\DB\DBQuery2JsonRequestHandler.cs:15:5
ReplyError at offset 75 in file:line:column E:\ETRpgLesson\MMOServer0.1\Server\ET.Core\Module\Message\AMRpcHandler.cs:9:4
Error at offset 124 in file:line:column E:\ETRpgLesson\MMOServer0.1\Server\ET.Core\Base\Log.cs:32:4
Error at offset 64 in file:line:column E:\ETRpgLesson\MMOServer0.1\Server\ET.Core\Base\Logger\NLogAdapter.cs:32:4

2020-12-12 21:19:16.0763 AllServer 0001 System.Exception: Rpc Error: ETModel.DBQuery2JsonRequest 102001
   at ETModel.ETTaskCompletionSource`1.ETModel.IAwaiter<T>.GetResult() in E:\ETRpgLesson\MMOServer0.1\Server\ET.Core\Base\Async\ETTaskCompletionSource.cs:line 171
   at ETModel.ETTask`1.get_Result() in E:\ETRpgLesson\MMOServer0.1\Server\ET.Core\Base\Async\ETTask.cs:line 168
   at ETModel.ETTask`1.Awaiter.GetResult() in E:\ETRpgLesson\MMOServer0.1\Server\ET.Core\Base\Async\ETTask.cs:line 254
   at ETHotfix.DBProxyComponentEx.Query2[T](DBProxyComponent self, String json) in E:\ETRpgLesson\MMOServer0.1\Server\Hotfix\Module\DB\DBProxyComponentSystem.cs:line 106
   at ETHotfix.LoginHandler.Run(Session session, Login_C2R request, Login_R2C response, Action reply) in E:\ETRpgLesson\MMOServer0.1\Server\Hotfix\MMOServer\Realm\LoginHandler.cs:line 31 
 TrySetException at offset 127 in file:line:column <filename unknown>:0:0
FinishSlow at offset 24 in file:line:column <filename unknown>:0:0
RunContinuations at offset 440 in file:line:column <filename unknown>:0:0
RunCallback at offset 71 in file:line:column <filename unknown>:0:0
<OutputWaitEtwEvents>b__12_0 at offset 323 in file:line:column <filename unknown>:0:0
Run at offset 73 in file:line:column E:\ETRpgLesson\MMOServer0.1\Server\ET.Core\Base\Async\MoveNextRunner.cs:12:13
MoveNext at offset 1389 in file:line:column E:\ETRpgLesson\MMOServer0.1\Server\Hotfix\MMOServer\Realm\LoginHandler.cs:31:5
ReplyError at offset 75 in file:line:column E:\ETRpgLesson\MMOServer0.1\Server\ET.Core\Module\Message\AMRpcHandler.cs:9:4
Error at offset 124 in file:line:column E:\ETRpgLesson\MMOServer0.1\Server\ET.Core\Base\Log.cs:32:4
Error at offset 64 in file:line:column E:\ETRpgLesson\MMOServer0.1\Server\ET.Core\Base\Logger\NLogAdapter.cs:32:4

2020-12-12 21:23:57.6947 AllServer 0001 System.Exception: 查询数据库异常! GlobalInfo {Type:'WarriorEquip'} ---> System.FormatException: An error occurred while deserializing the Item property of class ETModel.GlobalInfo: Element 'endurance' does not match any field or property of class ETModel.EquipInfo. ---> System.FormatException: Element 'endurance' does not match any field or property of class ETModel.EquipInfo.
   at MongoDB.Bson.Serialization.BsonClassMapSerializer`1.DeserializeClass(BsonDeserializationContext context) in E:\ETRpgLesson\MMOServer0.1\Server\ThirdParty\MongoDBDriver\MongoDB.Bson\Serialization\Serializers\BsonClassMapSerializer.cs:line 230
   at MongoDB.Bson.Serialization.BsonClassMapSerializer`1.Deserialize(BsonDeserializationContext context, BsonDeserializationArgs args) in E:\ETRpgLesson\MMOServer0.1\Server\ThirdParty\MongoDBDriver\MongoDB.Bson\Serialization\Serializers\BsonClassMapSerializer.cs:line 100
   at MongoDB.Bson.Serialization.Serializers.SerializerBase`1.MongoDB.Bson.Serialization.IBsonSerializer.Deserialize(BsonDeserializationContext context, BsonDeserializationArgs args) in E:\ETRpgLesson\MMOServer0.1\Server\ThirdParty\MongoDBDriver\MongoDB.Bson\Serialization\Serializers\SerializerBase.cs:line 119
   at MongoDB.Bson.Serialization.IBsonSerializerExtensions.Deserialize(IBsonSerializer serializer, BsonDeserializationContext context) in E:\ETRpgLesson\MMOServer0.1\Server\ThirdParty\MongoDBDriver\MongoDB.Bson\Serialization\IBsonSerializerExtensions.cs:line 36
   at MongoDB.Bson.Serialization.BsonClassMapSerializer`1.DeserializeMemberValue(BsonDeserializationContext context, BsonMemberMap memberMap) in E:\ETRpgLesson\MMOServer0.1\Server\ThirdParty\MongoDBDriver\MongoDB.Bson\Serialization\Serializers\BsonClassMapSerializer.cs:line 555
   --- End of inner exception stack trace ---
   at MongoDB.Bson.Serialization.BsonClassMapSerializer`1.DeserializeMemberValue(BsonDeserializationContext context, BsonMemberMap memberMap) in E:\ETRpgLesson\MMOServer0.1\Server\ThirdParty\MongoDBDriver\MongoDB.Bson\Serialization\Serializers\BsonClassMapSerializer.cs:line 562
   at MongoDB.Bson.Serialization.BsonClassMapSerializer`1.DeserializeClass(BsonDeserializationContext context) in E:\ETRpgLesson\MMOServer0.1\Server\ThirdParty\MongoDBDriver\MongoDB.Bson\Serialization\Serializers\BsonClassMapSerializer.cs:line 175
   at MongoDB.Bson.Serialization.BsonClassMapSerializer`1.Deserialize(BsonDeserializationContext context, BsonDeserializationArgs args) in E:\ETRpgLesson\MMOServer0.1\Server\ThirdParty\MongoDBDriver\MongoDB.Bson\Serialization\Serializers\BsonClassMapSerializer.cs:line 100
   at MongoDB.Bson.Serialization.Serializers.SerializerBase`1.MongoDB.Bson.Serialization.IBsonSerializer.Deserialize(BsonDeserializationContext context, BsonDeserializationArgs args) in E:\ETRpgLesson\MMOServer0.1\Server\ThirdParty\MongoDBDriver\MongoDB.Bson\Serialization\Serializers\SerializerBase.cs:line 119
   at MongoDB.Bson.Serialization.IBsonSerializerExtensions.Deserialize(IBsonSerializer serializer, BsonDeserializationContext context) in E:\ETRpgLesson\MMOServer0.1\Server\ThirdParty\MongoDBDriver\MongoDB.Bson\Serialization\IBsonSerializerExtensions.cs:line 36
   at MongoDB.Bson.Serialization.BsonClassMapSerializer`1.Deserialize(BsonDeserializationContext context, BsonDeserializationArgs args) in E:\ETRpgLesson\MMOServer0.1\Server\ThirdParty\MongoDBDriver\MongoDB.Bson\Serialization\Serializers\BsonClassMapSerializer.cs:line 105
   at MongoDB.Bson.Serialization.IBsonSerializerExtensions.Deserialize[TValue](IBsonSerializer`1 serializer, BsonDeserializationContext context) in E:\ETRpgLesson\MMOServer0.1\Server\ThirdParty\MongoDBDriver\MongoDB.Bson\Serialization\IBsonSerializerExtensions.cs:line 49
   at MongoDB.Driver.Core.Operations.CursorBatchDeserializationHelper.DeserializeBatch[TDocument](RawBsonArray batch, IBsonSerializer`1 documentSerializer, MessageEncoderSettings messageEncoderSettings) in E:\ETRpgLesson\MMOServer0.1\Server\ThirdParty\MongoDBDriver\MongoDB.Driver.Core\Core\Operations\CursorBatchDeserializationHelper.cs:line 59
   at MongoDB.Driver.Core.Operations.FindCommandOperation`1.CreateCursorBatch(BsonDocument commandResult) in E:\ETRpgLesson\MMOServer0.1\Server\ThirdParty\MongoDBDriver\MongoDB.Driver.Core\Core\Operations\FindCommandOperation.cs:line 483
   at MongoDB.Driver.Core.Operations.FindCommandOperation`1.CreateCursor(IChannelSourceHandle channelSource, BsonDocument commandResult) in E:\ETRpgLesson\MMOServer0.1\Server\ThirdParty\MongoDBDriver\MongoDB.Driver.Core\Core\Operations\FindCommandOperation.cs:line 460
   at MongoDB.Driver.Core.Operations.FindCommandOperation`1.ExecuteAsync(IReadBinding binding, CancellationToken cancellationToken) in E:\ETRpgLesson\MMOServer0.1\Server\ThirdParty\MongoDBDriver\MongoDB.Driver.Core\Core\Operations\FindCommandOperation.cs:line 525
   at MongoDB.Driver.Core.Operations.FindOperation`1.ExecuteAsync(IReadBinding binding, CancellationToken cancellationToken) in E:\ETRpgLesson\MMOServer0.1\Server\ThirdParty\MongoDBDriver\MongoDB.Driver.Core\Core\Operations\FindOperation.cs:line 442
   at MongoDB.Driver.OperationExecutor.ExecuteReadOperationAsync[TResult](IReadBinding binding, IReadOperation`1 operation, CancellationToken cancellationToken) in E:\ETRpgLesson\MMOServer0.1\Server\ThirdParty\MongoDBDriver\MongoDB.Driver\OperationExecutor.cs:line 39
   at MongoDB.Driver.MongoCollectionImpl`1.ExecuteReadOperationAsync[TResult](IClientSessionHandle session, IReadOperation`1 operation, ReadPreference readPreference, CancellationToken cancellationToken) in E:\ETRpgLesson\MMOServer0.1\Server\ThirdParty\MongoDBDriver\MongoDB.Driver\MongoCollectionImpl.cs:line 1055
   at MongoDB.Driver.MongoCollectionImpl`1.UsingImplicitSessionAsync[TResult](Func`2 funcAsync, CancellationToken cancellationToken) in E:\ETRpgLesson\MMOServer0.1\Server\ThirdParty\MongoDBDriver\MongoDB.Driver\MongoCollectionImpl.cs:line 1135
   at ETModel.DBQuery2JsonTask.Run() in E:\ETRpgLesson\MMOServer0.1\Server\ET.Core\Module\DB\DBQuery2JsonTask.cs:line 34
   --- End of inner exception stack trace ---
   at ETHotfix.DBQuery2JsonRequestHandler.Run(Session session, DBQuery2JsonRequest request, DBQuery2JsonResponse response, Action reply) in E:\ETRpgLesson\MMOServer0.1\Server\Hotfix\Module\DB\DBQuery2JsonRequestHandler.cs:line 15 
 TrySetException at offset 127 in file:line:column <filename unknown>:0:0
FinishSlow at offset 24 in file:line:column <filename unknown>:0:0
RunContinuations at offset 440 in file:line:column <filename unknown>:0:0
RunCallback at offset 71 in file:line:column <filename unknown>:0:0
<OutputWaitEtwEvents>b__12_0 at offset 323 in file:line:column <filename unknown>:0:0
Run at offset 73 in file:line:column E:\ETRpgLesson\MMOServer0.1\Server\ET.Core\Base\Async\MoveNextRunner.cs:12:13
MoveNext at offset 554 in file:line:column E:\ETRpgLesson\MMOServer0.1\Server\Hotfix\Module\DB\DBQuery2JsonRequestHandler.cs:15:5
ReplyError at offset 75 in file:line:column E:\ETRpgLesson\MMOServer0.1\Server\ET.Core\Module\Message\AMRpcHandler.cs:9:4
Error at offset 124 in file:line:column E:\ETRpgLesson\MMOServer0.1\Server\ET.Core\Base\Log.cs:32:4
Error at offset 64 in file:line:column E:\ETRpgLesson\MMOServer0.1\Server\ET.Core\Base\Logger\NLogAdapter.cs:32:4

2020-12-12 21:23:57.8316 AllServer 0001 System.Exception: Rpc Error: ETModel.DBQuery2JsonRequest 102001
   at ETModel.ETTaskCompletionSource`1.ETModel.IAwaiter<T>.GetResult() in E:\ETRpgLesson\MMOServer0.1\Server\ET.Core\Base\Async\ETTaskCompletionSource.cs:line 171
   at ETModel.ETTask`1.get_Result() in E:\ETRpgLesson\MMOServer0.1\Server\ET.Core\Base\Async\ETTask.cs:line 168
   at ETModel.ETTask`1.Awaiter.GetResult() in E:\ETRpgLesson\MMOServer0.1\Server\ET.Core\Base\Async\ETTask.cs:line 254
   at ETHotfix.DBProxyComponentEx.Query2[T](DBProxyComponent self, String json) in E:\ETRpgLesson\MMOServer0.1\Server\Hotfix\Module\DB\DBProxyComponentSystem.cs:line 106
   at ETHotfix.LoginHandler.Run(Session session, Login_C2R request, Login_R2C response, Action reply) in E:\ETRpgLesson\MMOServer0.1\Server\Hotfix\MMOServer\Realm\LoginHandler.cs:line 31 
 TrySetException at offset 127 in file:line:column <filename unknown>:0:0
FinishSlow at offset 24 in file:line:column <filename unknown>:0:0
RunContinuations at offset 440 in file:line:column <filename unknown>:0:0
RunCallback at offset 71 in file:line:column <filename unknown>:0:0
<OutputWaitEtwEvents>b__12_0 at offset 323 in file:line:column <filename unknown>:0:0
Run at offset 73 in file:line:column E:\ETRpgLesson\MMOServer0.1\Server\ET.Core\Base\Async\MoveNextRunner.cs:12:13
MoveNext at offset 1389 in file:line:column E:\ETRpgLesson\MMOServer0.1\Server\Hotfix\MMOServer\Realm\LoginHandler.cs:31:5
ReplyError at offset 75 in file:line:column E:\ETRpgLesson\MMOServer0.1\Server\ET.Core\Module\Message\AMRpcHandler.cs:9:4
Error at offset 124 in file:line:column E:\ETRpgLesson\MMOServer0.1\Server\ET.Core\Base\Log.cs:32:4
Error at offset 64 in file:line:column E:\ETRpgLesson\MMOServer0.1\Server\ET.Core\Base\Logger\NLogAdapter.cs:32:4

2020-12-12 21:51:42.4303 AllServer 0001 System.Exception: 查询数据库异常! GlobalInfo {Type:'WarriorEquip'} ---> System.FormatException: An error occurred while deserializing the Item property of class ETModel.GlobalInfo: Element 'endurance' does not match any field or property of class ETModel.EquipInfo. ---> System.FormatException: Element 'endurance' does not match any field or property of class ETModel.EquipInfo.
   at MongoDB.Bson.Serialization.BsonClassMapSerializer`1.DeserializeClass(BsonDeserializationContext context) in E:\ETRpgLesson\MMOServer0.1\Server\ThirdParty\MongoDBDriver\MongoDB.Bson\Serialization\Serializers\BsonClassMapSerializer.cs:line 230
   at MongoDB.Bson.Serialization.BsonClassMapSerializer`1.Deserialize(BsonDeserializationContext context, BsonDeserializationArgs args) in E:\ETRpgLesson\MMOServer0.1\Server\ThirdParty\MongoDBDriver\MongoDB.Bson\Serialization\Serializers\BsonClassMapSerializer.cs:line 100
   at MongoDB.Bson.Serialization.Serializers.SerializerBase`1.MongoDB.Bson.Serialization.IBsonSerializer.Deserialize(BsonDeserializationContext context, BsonDeserializationArgs args) in E:\ETRpgLesson\MMOServer0.1\Server\ThirdParty\MongoDBDriver\MongoDB.Bson\Serialization\Serializers\SerializerBase.cs:line 119
   at MongoDB.Bson.Serialization.IBsonSerializerExtensions.Deserialize(IBsonSerializer serializer, BsonDeserializationContext context) in E:\ETRpgLesson\MMOServer0.1\Server\ThirdParty\MongoDBDriver\MongoDB.Bson\Serialization\IBsonSerializerExtensions.cs:line 36
   at MongoDB.Bson.Serialization.BsonClassMapSerializer`1.DeserializeMemberValue(BsonDeserializationContext context, BsonMemberMap memberMap) in E:\ETRpgLesson\MMOServer0.1\Server\ThirdParty\MongoDBDriver\MongoDB.Bson\Serialization\Serializers\BsonClassMapSerializer.cs:line 555
   --- End of inner exception stack trace ---
   at MongoDB.Bson.Serialization.BsonClassMapSerializer`1.DeserializeMemberValue(BsonDeserializationContext context, BsonMemberMap memberMap) in E:\ETRpgLesson\MMOServer0.1\Server\ThirdParty\MongoDBDriver\MongoDB.Bson\Serialization\Serializers\BsonClassMapSerializer.cs:line 562
   at MongoDB.Bson.Serialization.BsonClassMapSerializer`1.DeserializeClass(BsonDeserializationContext context) in E:\ETRpgLesson\MMOServer0.1\Server\ThirdParty\MongoDBDriver\MongoDB.Bson\Serialization\Serializers\BsonClassMapSerializer.cs:line 175
   at MongoDB.Bson.Serialization.BsonClassMapSerializer`1.Deserialize(BsonDeserializationContext context, BsonDeserializationArgs args) in E:\ETRpgLesson\MMOServer0.1\Server\ThirdParty\MongoDBDriver\MongoDB.Bson\Serialization\Serializers\BsonClassMapSerializer.cs:line 100
   at MongoDB.Bson.Serialization.Serializers.SerializerBase`1.MongoDB.Bson.Serialization.IBsonSerializer.Deserialize(BsonDeserializationContext context, BsonDeserializationArgs args) in E:\ETRpgLesson\MMOServer0.1\Server\ThirdParty\MongoDBDriver\MongoDB.Bson\Serialization\Serializers\SerializerBase.cs:line 119
   at MongoDB.Bson.Serialization.IBsonSerializerExtensions.Deserialize(IBsonSerializer serializer, BsonDeserializationContext context) in E:\ETRpgLesson\MMOServer0.1\Server\ThirdParty\MongoDBDriver\MongoDB.Bson\Serialization\IBsonSerializerExtensions.cs:line 36
   at MongoDB.Bson.Serialization.BsonClassMapSerializer`1.Deserialize(BsonDeserializationContext context, BsonDeserializationArgs args) in E:\ETRpgLesson\MMOServer0.1\Server\ThirdParty\MongoDBDriver\MongoDB.Bson\Serialization\Serializers\BsonClassMapSerializer.cs:line 105
   at MongoDB.Bson.Serialization.IBsonSerializerExtensions.Deserialize[TValue](IBsonSerializer`1 serializer, BsonDeserializationContext context) in E:\ETRpgLesson\MMOServer0.1\Server\ThirdParty\MongoDBDriver\MongoDB.Bson\Serialization\IBsonSerializerExtensions.cs:line 49
   at MongoDB.Driver.Core.Operations.CursorBatchDeserializationHelper.DeserializeBatch[TDocument](RawBsonArray batch, IBsonSerializer`1 documentSerializer, MessageEncoderSettings messageEncoderSettings) in E:\ETRpgLesson\MMOServer0.1\Server\ThirdParty\MongoDBDriver\MongoDB.Driver.Core\Core\Operations\CursorBatchDeserializationHelper.cs:line 59
   at MongoDB.Driver.Core.Operations.FindCommandOperation`1.CreateCursorBatch(BsonDocument commandResult) in E:\ETRpgLesson\MMOServer0.1\Server\ThirdParty\MongoDBDriver\MongoDB.Driver.Core\Core\Operations\FindCommandOperation.cs:line 483
   at MongoDB.Driver.Core.Operations.FindCommandOperation`1.CreateCursor(IChannelSourceHandle channelSource, BsonDocument commandResult) in E:\ETRpgLesson\MMOServer0.1\Server\ThirdParty\MongoDBDriver\MongoDB.Driver.Core\Core\Operations\FindCommandOperation.cs:line 460
   at MongoDB.Driver.Core.Operations.FindCommandOperation`1.ExecuteAsync(IReadBinding binding, CancellationToken cancellationToken) in E:\ETRpgLesson\MMOServer0.1\Server\ThirdParty\MongoDBDriver\MongoDB.Driver.Core\Core\Operations\FindCommandOperation.cs:line 525
   at MongoDB.Driver.Core.Operations.FindOperation`1.ExecuteAsync(IReadBinding binding, CancellationToken cancellationToken) in E:\ETRpgLesson\MMOServer0.1\Server\ThirdParty\MongoDBDriver\MongoDB.Driver.Core\Core\Operations\FindOperation.cs:line 442
   at MongoDB.Driver.OperationExecutor.ExecuteReadOperationAsync[TResult](IReadBinding binding, IReadOperation`1 operation, CancellationToken cancellationToken) in E:\ETRpgLesson\MMOServer0.1\Server\ThirdParty\MongoDBDriver\MongoDB.Driver\OperationExecutor.cs:line 39
   at MongoDB.Driver.MongoCollectionImpl`1.ExecuteReadOperationAsync[TResult](IClientSessionHandle session, IReadOperation`1 operation, ReadPreference readPreference, CancellationToken cancellationToken) in E:\ETRpgLesson\MMOServer0.1\Server\ThirdParty\MongoDBDriver\MongoDB.Driver\MongoCollectionImpl.cs:line 1055
   at MongoDB.Driver.MongoCollectionImpl`1.UsingImplicitSessionAsync[TResult](Func`2 funcAsync, CancellationToken cancellationToken) in E:\ETRpgLesson\MMOServer0.1\Server\ThirdParty\MongoDBDriver\MongoDB.Driver\MongoCollectionImpl.cs:line 1135
   at ETModel.DBQuery2JsonTask.Run() in E:\ETRpgLesson\MMOServer0.1\Server\ET.Core\Module\DB\DBQuery2JsonTask.cs:line 34
   --- End of inner exception stack trace ---
   at ETHotfix.DBQuery2JsonRequestHandler.Run(Session session, DBQuery2JsonRequest request, DBQuery2JsonResponse response, Action reply) in E:\ETRpgLesson\MMOServer0.1\Server\Hotfix\Module\DB\DBQuery2JsonRequestHandler.cs:line 15 
 TrySetException at offset 127 in file:line:column <filename unknown>:0:0
FinishSlow at offset 24 in file:line:column <filename unknown>:0:0
RunContinuations at offset 440 in file:line:column <filename unknown>:0:0
RunCallback at offset 71 in file:line:column <filename unknown>:0:0
<OutputWaitEtwEvents>b__12_0 at offset 323 in file:line:column <filename unknown>:0:0
Run at offset 73 in file:line:column E:\ETRpgLesson\MMOServer0.1\Server\ET.Core\Base\Async\MoveNextRunner.cs:12:13
MoveNext at offset 554 in file:line:column E:\ETRpgLesson\MMOServer0.1\Server\Hotfix\Module\DB\DBQuery2JsonRequestHandler.cs:15:5
ReplyError at offset 75 in file:line:column E:\ETRpgLesson\MMOServer0.1\Server\ET.Core\Module\Message\AMRpcHandler.cs:9:4
Error at offset 124 in file:line:column E:\ETRpgLesson\MMOServer0.1\Server\ET.Core\Base\Log.cs:32:4
Error at offset 64 in file:line:column E:\ETRpgLesson\MMOServer0.1\Server\ET.Core\Base\Logger\NLogAdapter.cs:32:4

2020-12-12 21:51:42.5719 AllServer 0001 System.Exception: Rpc Error: ETModel.DBQuery2JsonRequest 102001
   at ETModel.ETTaskCompletionSource`1.ETModel.IAwaiter<T>.GetResult() in E:\ETRpgLesson\MMOServer0.1\Server\ET.Core\Base\Async\ETTaskCompletionSource.cs:line 171
   at ETModel.ETTask`1.get_Result() in E:\ETRpgLesson\MMOServer0.1\Server\ET.Core\Base\Async\ETTask.cs:line 168
   at ETModel.ETTask`1.Awaiter.GetResult() in E:\ETRpgLesson\MMOServer0.1\Server\ET.Core\Base\Async\ETTask.cs:line 254
   at ETHotfix.DBProxyComponentEx.Query2[T](DBProxyComponent self, String json) in E:\ETRpgLesson\MMOServer0.1\Server\Hotfix\Module\DB\DBProxyComponentSystem.cs:line 106
   at ETHotfix.LoginHandler.Run(Session session, Login_C2R request, Login_R2C response, Action reply) in E:\ETRpgLesson\MMOServer0.1\Server\Hotfix\MMOServer\Realm\LoginHandler.cs:line 31 
 TrySetException at offset 127 in file:line:column <filename unknown>:0:0
FinishSlow at offset 24 in file:line:column <filename unknown>:0:0
RunContinuations at offset 440 in file:line:column <filename unknown>:0:0
RunCallback at offset 71 in file:line:column <filename unknown>:0:0
<OutputWaitEtwEvents>b__12_0 at offset 323 in file:line:column <filename unknown>:0:0
Run at offset 73 in file:line:column E:\ETRpgLesson\MMOServer0.1\Server\ET.Core\Base\Async\MoveNextRunner.cs:12:13
MoveNext at offset 1389 in file:line:column E:\ETRpgLesson\MMOServer0.1\Server\Hotfix\MMOServer\Realm\LoginHandler.cs:31:5
ReplyError at offset 75 in file:line:column E:\ETRpgLesson\MMOServer0.1\Server\ET.Core\Module\Message\AMRpcHandler.cs:9:4
Error at offset 124 in file:line:column E:\ETRpgLesson\MMOServer0.1\Server\ET.Core\Base\Log.cs:32:4
Error at offset 64 in file:line:column E:\ETRpgLesson\MMOServer0.1\Server\ET.Core\Base\Logger\NLogAdapter.cs:32:4

