2020-12-11 15:45:55.4495   System.IO.FileNotFoundException: Could not find file 'E:\ETRpgLesson\MMOServer0.1\Bin\Hotfix.dll'.
File name: 'E:\ETRpgLesson\MMOServer0.1\Bin\Hotfix.dll'
   at System.IO.FileStream.ValidateFileHandle(SafeFileHandle fileHandle)
   at System.IO.FileStream.CreateFileOpenHandle(FileMode mode, FileShare share, FileOptions options)
   at System.IO.FileStream..ctor(String path, FileMode mode, FileAccess access, FileShare share, Int32 bufferSize, FileOptions options)
   at System.IO.FileStream..ctor(String path, FileMode mode, FileAccess access, FileShare share, Int32 bufferSize)
   at System.IO.File.ReadAllBytes(String path)
   at ETModel.DllHelper.GetHotfixAssembly() in E:\ETRpgLesson\MMOServer0.1\Server\ET.Core\Base\Helper\DllHelper.cs:line 10
   at App.Program.Main(String[] args) in E:\ETRpgLesson\MMOServer0.1\Server\App\Program.cs:line 18 
 Main at offset 230 in file:line:column E:\ETRpgLesson\MMOServer0.1\Server\App\Program.cs:18:5
Error at offset 132 in file:line:column E:\ETRpgLesson\MMOServer0.1\Server\ET.Core\Base\Log.cs:32:4
Error at offset 58 in file:line:column E:\ETRpgLesson\MMOServer0.1\Server\ET.Core\Base\Logger\NLogAdapter.cs:32:4

2020-12-11 15:46:12.0469   System.IO.FileNotFoundException: Could not find file 'E:\ETRpgLesson\MMOServer0.1\Bin\Hotfix.dll'.
File name: 'E:\ETRpgLesson\MMOServer0.1\Bin\Hotfix.dll'
   at System.IO.FileStream.ValidateFileHandle(SafeFileHandle fileHandle)
   at System.IO.FileStream.CreateFileOpenHandle(FileMode mode, FileShare share, FileOptions options)
   at System.IO.FileStream..ctor(String path, FileMode mode, FileAccess access, FileShare share, Int32 bufferSize, FileOptions options)
   at System.IO.FileStream..ctor(String path, FileMode mode, FileAccess access, FileShare share, Int32 bufferSize)
   at System.IO.File.ReadAllBytes(String path)
   at ETModel.DllHelper.GetHotfixAssembly() in E:\ETRpgLesson\MMOServer0.1\Server\ET.Core\Base\Helper\DllHelper.cs:line 10
   at App.Program.Main(String[] args) in E:\ETRpgLesson\MMOServer0.1\Server\App\Program.cs:line 18 
 Main at offset 230 in file:line:column E:\ETRpgLesson\MMOServer0.1\Server\App\Program.cs:18:5
Error at offset 132 in file:line:column E:\ETRpgLesson\MMOServer0.1\Server\ET.Core\Base\Log.cs:32:4
Error at offset 58 in file:line:column E:\ETRpgLesson\MMOServer0.1\Server\ET.Core\Base\Logger\NLogAdapter.cs:32:4

