2020-12-14 00:14:46.8077 AllServer 0001 (SessionUserComponentSystem.cs:14) 销毁User和Session101607681516
2020-12-14 00:14:46.8268 AllServer 0001 (PlayerOffline.cs:13) 玩家101607681516下线
2020-12-14 00:15:20.0767 AllServer 0001 (SessionUserComponentSystem.cs:14) 销毁User和Session101607681516
2020-12-14 00:15:20.0928 AllServer 0001 (PlayerOffline.cs:13) 玩家101607681516下线
2020-12-14 00:30:29.8012 AllServer 0001 (SessionUserComponentSystem.cs:14) 销毁User和Session101607681516
2020-12-14 00:30:29.8178 AllServer 0001 (PlayerOffline.cs:13) 玩家101607681516下线
2020-12-14 00:37:07.4459 AllServer 0001 (SessionUserComponentSystem.cs:14) 销毁User和Session101607681516
2020-12-14 00:37:07.4622 AllServer 0001 (PlayerOffline.cs:13) 玩家101607681516下线
2020-12-14 00:37:24.9535 AllServer 0001 (Program.cs:37) server start........................ 1 AllServer
2020-12-14 00:37:25.3395 AllServer 0001 (DBProxyComponentSystem.cs:31) 127.0.0.1:20002
2020-12-14 00:42:21.8169 AllServer 0001 (SessionUserComponentSystem.cs:14) 销毁User和Session101607681516
2020-12-14 00:42:21.8476 AllServer 0001 (PlayerOffline.cs:13) 玩家101607681516下线
2020-12-14 00:47:28.2415 AllServer 0001 (Program.cs:37) server start........................ 1 AllServer
2020-12-14 00:47:28.6108 AllServer 0001 (DBProxyComponentSystem.cs:31) 127.0.0.1:20002
2020-12-14 00:48:51.1025 AllServer 0001 (SessionUserComponentSystem.cs:14) 销毁User和Session101607681516
2020-12-14 00:48:51.1212 AllServer 0001 (PlayerOffline.cs:13) 玩家101607681516下线
2020-12-14 00:56:20.0037 AllServer 0001 (Program.cs:37) server start........................ 1 AllServer
2020-12-14 00:56:20.4596 AllServer 0001 (DBProxyComponentSystem.cs:31) 127.0.0.1:20002
2020-12-14 00:57:02.1221 AllServer 0001 (Program.cs:37) server start........................ 1 AllServer
2020-12-14 00:57:02.5569 AllServer 0001 (DBProxyComponentSystem.cs:31) 127.0.0.1:20002
2020-12-14 01:05:05.9511 AllServer 0001 (Program.cs:37) server start........................ 1 AllServer
2020-12-14 01:05:06.3735 AllServer 0001 (DBProxyComponentSystem.cs:31) 127.0.0.1:20002
2020-12-14 01:06:45.4315 AllServer 0001 (Program.cs:37) server start........................ 1 AllServer
2020-12-14 01:06:45.8829 AllServer 0001 (DBProxyComponentSystem.cs:31) 127.0.0.1:20002
2020-12-14 01:07:22.2750 AllServer 0001 (SessionUserComponentSystem.cs:14) 销毁User和Session101607681516
2020-12-14 01:07:22.2904 AllServer 0001 (PlayerOffline.cs:13) 玩家101607681516下线
2020-12-14 01:55:42.3394 AllServer 0001 (Program.cs:37) server start........................ 1 AllServer
2020-12-14 01:55:42.7049 AllServer 0001 (DBProxyComponentSystem.cs:31) 127.0.0.1:20002
2020-12-14 02:09:31.9984 AllServer 0001 (Program.cs:37) server start........................ 1 AllServer
2020-12-14 02:09:32.4312 AllServer 0001 (DBProxyComponentSystem.cs:31) 127.0.0.1:20002
2020-12-14 02:09:54.7459 AllServer 0001 (SessionUserComponentSystem.cs:14) 销毁User和Session101607681516
2020-12-14 02:09:54.7656 AllServer 0001 (PlayerOffline.cs:13) 玩家101607681516下线
2020-12-14 02:22:34.0082 AllServer 0001 (Program.cs:37) server start........................ 1 AllServer
2020-12-14 02:22:34.4535 AllServer 0001 (DBProxyComponentSystem.cs:31) 127.0.0.1:20002
2020-12-14 02:55:35.6631 AllServer 0001 (SessionUserComponentSystem.cs:14) 销毁User和Session101607681516
2020-12-14 02:55:35.6781 AllServer 0001 (PlayerOffline.cs:13) 玩家101607681516下线
2020-12-14 03:02:41.6273 AllServer 0001 (SessionUserComponentSystem.cs:14) 销毁User和Session101607681516
2020-12-14 03:02:41.6424 AllServer 0001 (PlayerOffline.cs:13) 玩家101607681516下线
2020-12-14 03:05:44.7156 AllServer 0001 (SessionUserComponentSystem.cs:14) 销毁User和Session101607681516
2020-12-14 03:05:44.7332 AllServer 0001 (PlayerOffline.cs:13) 玩家101607681516下线
2020-12-14 03:25:38.6009 AllServer 0001 (SessionUserComponentSystem.cs:14) 销毁User和Session101607681516
2020-12-14 03:25:38.6171 AllServer 0001 (PlayerOffline.cs:13) 玩家101607681516下线
2020-12-14 03:25:57.0002 AllServer 0001 (SessionUserComponentSystem.cs:14) 销毁User和Session101607681516
2020-12-14 03:25:57.0163 AllServer 0001 (PlayerOffline.cs:13) 玩家101607681516下线
2020-12-14 03:28:13.3993 AllServer 0001 (SessionUserComponentSystem.cs:14) 销毁User和Session101607681516
2020-12-14 03:28:13.4154 AllServer 0001 (PlayerOffline.cs:13) 玩家101607681516下线
2020-12-14 03:31:14.9626 AllServer 0001 (SessionUserComponentSystem.cs:14) 销毁User和Session101607681516
2020-12-14 03:31:14.9782 AllServer 0001 (PlayerOffline.cs:13) 玩家101607681516下线
2020-12-14 10:59:41.4611 AllServer 0001 (SessionUserComponentSystem.cs:14) 销毁User和Session101607681516
2020-12-14 10:59:41.4768 AllServer 0001 (PlayerOffline.cs:13) 玩家101607681516下线
2020-12-14 11:04:23.3492 AllServer 0001 (SessionUserComponentSystem.cs:14) 销毁User和Session101607681516
2020-12-14 11:04:23.3642 AllServer 0001 (PlayerOffline.cs:13) 玩家101607681516下线
2020-12-14 11:26:26.1294 AllServer 0001 (Program.cs:37) server start........................ 1 AllServer
2020-12-14 11:26:26.4546 AllServer 0001 (DBProxyComponentSystem.cs:31) 127.0.0.1:20002
2020-12-14 11:28:35.2727 AllServer 0001 (SessionUserComponentSystem.cs:14) 销毁User和Session101607681516
2020-12-14 11:28:35.2897 AllServer 0001 (PlayerOffline.cs:13) 玩家101607681516下线
2020-12-14 11:35:37.0715 AllServer 0001 (SessionUserComponentSystem.cs:14) 销毁User和Session101607681516
2020-12-14 11:35:37.0876 AllServer 0001 (PlayerOffline.cs:13) 玩家101607681516下线
2020-12-14 12:05:35.0699 AllServer 0001 (SessionUserComponentSystem.cs:14) 销毁User和Session101607681516
2020-12-14 12:05:35.0859 AllServer 0001 (PlayerOffline.cs:13) 玩家101607681516下线
2020-12-14 12:07:30.1821 AllServer 0001 (Program.cs:37) server start........................ 1 AllServer
2020-12-14 12:07:30.5047 AllServer 0001 (DBProxyComponentSystem.cs:31) 127.0.0.1:20002
2020-12-14 12:08:23.1843 AllServer 0001 (SessionUserComponentSystem.cs:14) 销毁User和Session101607681516
2020-12-14 12:08:23.2004 AllServer 0001 (PlayerOffline.cs:13) 玩家101607681516下线
2020-12-14 12:14:14.2110 AllServer 0001 (Program.cs:37) server start........................ 1 AllServer
2020-12-14 12:14:14.5729 AllServer 0001 (DBProxyComponentSystem.cs:31) 127.0.0.1:20002
2020-12-14 12:14:57.2065 AllServer 0001 (CreateNewCharacter.cs:27) 100
2020-12-14 13:32:33.0080 AllServer 0001 (Program.cs:37) server start........................ 1 AllServer
2020-12-14 13:32:33.3746 AllServer 0001 (DBProxyComponentSystem.cs:31) 127.0.0.1:20002
2020-12-14 13:33:52.7057 AllServer 0001 (SessionUserComponentSystem.cs:14) 销毁User和Session101607681516
2020-12-14 13:33:52.7382 AllServer 0001 (PlayerOffline.cs:13) 玩家101607681516下线
2020-12-14 13:41:41.0096 AllServer 0001 (SessionUserComponentSystem.cs:14) 销毁User和Session101607681516
2020-12-14 13:41:41.0253 AllServer 0001 (PlayerOffline.cs:13) 玩家101607681516下线
2020-12-14 13:44:41.6917 AllServer 0001 (SessionUserComponentSystem.cs:14) 销毁User和Session101607681516
2020-12-14 13:44:41.7079 AllServer 0001 (PlayerOffline.cs:13) 玩家101607681516下线
2020-12-14 13:45:54.5190 AllServer 0001 (SessionUserComponentSystem.cs:14) 销毁User和Session101607681516
2020-12-14 13:45:54.5348 AllServer 0001 (PlayerOffline.cs:13) 玩家101607681516下线
2020-12-14 13:47:30.6814 AllServer 0001 (SessionUserComponentSystem.cs:14) 销毁User和Session101607681516
2020-12-14 13:47:30.6972 AllServer 0001 (PlayerOffline.cs:13) 玩家101607681516下线
2020-12-14 13:51:07.7331 AllServer 0001 (SessionUserComponentSystem.cs:14) 销毁User和Session101607681516
2020-12-14 13:51:07.7490 AllServer 0001 (PlayerOffline.cs:13) 玩家101607681516下线
2020-12-14 13:52:23.6997 AllServer 0001 (SessionUserComponentSystem.cs:14) 销毁User和Session101607681516
2020-12-14 13:52:23.7158 AllServer 0001 (PlayerOffline.cs:13) 玩家101607681516下线
2020-12-14 13:53:13.2149 AllServer 0001 (SessionUserComponentSystem.cs:14) 销毁User和Session101607681516
2020-12-14 13:53:13.2322 AllServer 0001 (PlayerOffline.cs:13) 玩家101607681516下线
2020-12-14 13:56:52.3966 AllServer 0001 (SessionUserComponentSystem.cs:14) 销毁User和Session101607681516
2020-12-14 13:56:52.4127 AllServer 0001 (PlayerOffline.cs:13) 玩家101607681516下线
2020-12-14 14:09:45.4083 AllServer 0001 (SessionUserComponentSystem.cs:14) 销毁User和Session101607681516
2020-12-14 14:09:45.4236 AllServer 0001 (PlayerOffline.cs:13) 玩家101607681516下线
2020-12-14 14:11:58.2897 AllServer 0001 (SessionUserComponentSystem.cs:14) 销毁User和Session101607681516
2020-12-14 14:11:58.3060 AllServer 0001 (PlayerOffline.cs:13) 玩家101607681516下线
2020-12-14 14:12:30.0616 AllServer 0001 (SessionUserComponentSystem.cs:14) 销毁User和Session101607681516
2020-12-14 14:12:30.0776 AllServer 0001 (PlayerOffline.cs:13) 玩家101607681516下线
2020-12-14 14:17:01.6702 AllServer 0001 (SessionUserComponentSystem.cs:14) 销毁User和Session101607681516
2020-12-14 14:17:01.6861 AllServer 0001 (PlayerOffline.cs:13) 玩家101607681516下线
2020-12-14 14:17:17.2525 AllServer 0001 (SessionUserComponentSystem.cs:14) 销毁User和Session101607681516
2020-12-14 14:17:17.2685 AllServer 0001 (PlayerOffline.cs:13) 玩家101607681516下线
2020-12-14 14:34:03.1292 AllServer 0001 (SessionUserComponentSystem.cs:14) 销毁User和Session101607681516
2020-12-14 14:34:03.1441 AllServer 0001 (PlayerOffline.cs:13) 玩家101607681516下线
2020-12-14 14:36:05.5410 AllServer 0001 (SessionUserComponentSystem.cs:14) 销毁User和Session101607681516
2020-12-14 14:36:05.5583 AllServer 0001 (PlayerOffline.cs:13) 玩家101607681516下线
2020-12-14 14:37:50.5543 AllServer 0001 (SessionUserComponentSystem.cs:14) 销毁User和Session101607681516
2020-12-14 14:37:50.5694 AllServer 0001 (PlayerOffline.cs:13) 玩家101607681516下线
2020-12-14 14:39:17.3548 AllServer 0001 (SessionUserComponentSystem.cs:14) 销毁User和Session101607681516
2020-12-14 14:39:17.3709 AllServer 0001 (PlayerOffline.cs:13) 玩家101607681516下线
2020-12-14 14:42:02.6870 AllServer 0001 (SessionUserComponentSystem.cs:14) 销毁User和Session101607681516
2020-12-14 14:42:02.7020 AllServer 0001 (PlayerOffline.cs:13) 玩家101607681516下线
2020-12-14 14:55:14.2965 AllServer 0001 (SessionUserComponentSystem.cs:14) 销毁User和Session101607681516
2020-12-14 14:55:14.3127 AllServer 0001 (PlayerOffline.cs:13) 玩家101607681516下线
2020-12-14 14:58:28.9041 AllServer 0001 (SessionUserComponentSystem.cs:14) 销毁User和Session101607681516
2020-12-14 14:58:28.9199 AllServer 0001 (PlayerOffline.cs:13) 玩家101607681516下线
2020-12-14 15:14:47.5529 AllServer 0001 (SessionUserComponentSystem.cs:14) 销毁User和Session101607681516
2020-12-14 15:14:47.5707 AllServer 0001 (PlayerOffline.cs:13) 玩家101607681516下线
2020-12-14 15:14:59.3155 AllServer 0001 (SessionUserComponentSystem.cs:14) 销毁User和Session101607681516
2020-12-14 15:14:59.3309 AllServer 0001 (PlayerOffline.cs:13) 玩家101607681516下线
2020-12-14 16:48:03.2055 AllServer 0001 (SessionUserComponentSystem.cs:14) 销毁User和Session101607681516
2020-12-14 16:48:03.2214 AllServer 0001 (PlayerOffline.cs:13) 玩家101607681516下线
2020-12-14 16:57:58.9989 AllServer 0001 (Program.cs:37) server start........................ 1 AllServer
2020-12-14 16:57:59.7506 AllServer 0001 (DBProxyComponentSystem.cs:31) 127.0.0.1:20002
2020-12-14 17:14:34.4173 AllServer 0001 (SessionUserComponentSystem.cs:14) 销毁User和Session101607681516
2020-12-14 17:14:34.6004 AllServer 0001 (PlayerOffline.cs:13) 玩家101607681516下线
2020-12-14 17:32:30.8426 AllServer 0001 (SessionUserComponentSystem.cs:14) 销毁User和Session101607681516
2020-12-14 17:32:31.0257 AllServer 0001 (PlayerOffline.cs:13) 玩家101607681516下线
2020-12-14 17:58:03.3207 AllServer 0001 (SessionUserComponentSystem.cs:14) 销毁User和Session101607681516
2020-12-14 17:58:03.3506 AllServer 0001 (PlayerOffline.cs:13) 玩家101607681516下线
2020-12-14 18:07:18.3489 AllServer 0001 (SessionUserComponentSystem.cs:14) 销毁User和Session101607681516
2020-12-14 18:07:18.3717 AllServer 0001 (PlayerOffline.cs:13) 玩家101607681516下线
2020-12-14 18:12:19.6868 AllServer 0001 (SessionUserComponentSystem.cs:14) 销毁User和Session101607681516
2020-12-14 18:12:19.7188 AllServer 0001 (PlayerOffline.cs:13) 玩家101607681516下线
2020-12-14 18:16:34.4272 AllServer 0001 (SessionUserComponentSystem.cs:14) 销毁User和Session101607681516
2020-12-14 18:16:34.4576 AllServer 0001 (PlayerOffline.cs:13) 玩家101607681516下线
2020-12-14 18:31:53.5896 AllServer 0001 (SessionUserComponentSystem.cs:14) 销毁User和Session101607681516
2020-12-14 18:31:53.6204 AllServer 0001 (PlayerOffline.cs:13) 玩家101607681516下线
2020-12-14 18:36:13.2393 AllServer 0001 (SessionUserComponentSystem.cs:14) 销毁User和Session101607681516
2020-12-14 18:36:13.2544 AllServer 0001 (PlayerOffline.cs:13) 玩家101607681516下线
2020-12-14 18:40:13.4872 AllServer 0001 (SessionUserComponentSystem.cs:14) 销毁User和Session101607681516
2020-12-14 18:40:13.5025 AllServer 0001 (PlayerOffline.cs:13) 玩家101607681516下线
2020-12-14 18:51:47.3151 AllServer 0001 (SessionUserComponentSystem.cs:14) 销毁User和Session101607681516
2020-12-14 18:51:47.3588 AllServer 0001 (PlayerOffline.cs:13) 玩家101607681516下线
2020-12-14 18:56:48.8289 AllServer 0001 (SessionUserComponentSystem.cs:14) 销毁User和Session101607681516
2020-12-14 18:56:48.8590 AllServer 0001 (PlayerOffline.cs:13) 玩家101607681516下线
2020-12-14 19:03:58.7855 AllServer 0001 (SessionUserComponentSystem.cs:14) 销毁User和Session101607681516
2020-12-14 19:03:58.8072 AllServer 0001 (PlayerOffline.cs:13) 玩家101607681516下线
2020-12-14 19:17:22.6942 AllServer 0001 (SessionUserComponentSystem.cs:14) 销毁User和Session101607681516
2020-12-14 19:17:22.7268 AllServer 0001 (PlayerOffline.cs:13) 玩家101607681516下线
2020-12-14 22:21:56.8569 AllServer 0001 (SessionUserComponentSystem.cs:14) 销毁User和Session101607681516
2020-12-14 22:21:56.9016 AllServer 0001 (PlayerOffline.cs:13) 玩家101607681516下线
2020-12-14 22:25:58.2034 AllServer 0001 (SessionUserComponentSystem.cs:14) 销毁User和Session101607681516
2020-12-14 22:25:58.2192 AllServer 0001 (PlayerOffline.cs:13) 玩家101607681516下线
2020-12-14 22:32:38.3762 AllServer 0001 (SessionUserComponentSystem.cs:14) 销毁User和Session101607681516
2020-12-14 22:32:38.3912 AllServer 0001 (PlayerOffline.cs:13) 玩家101607681516下线
2020-12-14 22:38:50.4554 AllServer 0001 (SessionUserComponentSystem.cs:14) 销毁User和Session101607681516
2020-12-14 22:38:50.4705 AllServer 0001 (PlayerOffline.cs:13) 玩家101607681516下线
2020-12-14 22:42:44.6838 AllServer 0001 (SessionUserComponentSystem.cs:14) 销毁User和Session101607681516
2020-12-14 22:42:44.7112 AllServer 0001 (PlayerOffline.cs:13) 玩家101607681516下线
2020-12-14 22:43:19.1936 AllServer 0001 (SessionUserComponentSystem.cs:14) 销毁User和Session101607681516
2020-12-14 22:43:19.2076 AllServer 0001 (PlayerOffline.cs:13) 玩家101607681516下线
2020-12-14 22:51:17.9622 AllServer 0001 (SessionUserComponentSystem.cs:14) 销毁User和Session101607681516
2020-12-14 22:51:17.9771 AllServer 0001 (PlayerOffline.cs:13) 玩家101607681516下线
2020-12-14 23:19:34.6351 AllServer 0001 (SessionUserComponentSystem.cs:14) 销毁User和Session101607681516
2020-12-14 23:19:34.6727 AllServer 0001 (PlayerOffline.cs:13) 玩家101607681516下线
2020-12-14 23:26:03.0051 AllServer 0001 (SessionUserComponentSystem.cs:14) 销毁User和Session101607681516
2020-12-14 23:26:03.0200 AllServer 0001 (PlayerOffline.cs:13) 玩家101607681516下线
2020-12-14 23:26:20.6953 AllServer 0001 (CreateNewCharacter.cs:27) 4
2020-12-14 23:28:25.6255 AllServer 0001 (SessionUserComponentSystem.cs:14) 销毁User和Session101607681516
2020-12-14 23:28:25.6404 AllServer 0001 (PlayerOffline.cs:13) 玩家101607681516下线
2020-12-14 23:33:23.4531 AllServer 0001 (CreateNewCharacter.cs:27) 4
2020-12-14 23:41:54.1183 AllServer 0001 (SessionUserComponentSystem.cs:14) 销毁User和Session101607681516
2020-12-14 23:41:54.1335 AllServer 0001 (PlayerOffline.cs:13) 玩家101607681516下线
2020-12-14 23:42:37.6916 AllServer 0001 (SessionUserComponentSystem.cs:14) 销毁User和Session101607681516
2020-12-14 23:42:37.7246 AllServer 0001 (PlayerOffline.cs:13) 玩家101607681516下线
2020-12-14 23:49:10.2135 AllServer 0001 (SessionUserComponentSystem.cs:14) 销毁User和Session101607681516
2020-12-14 23:49:10.2295 AllServer 0001 (PlayerOffline.cs:13) 玩家101607681516下线
